TN:
SF:src\app.js
FN:20,(anonymous_0)
FN:67,(anonymous_1)
FNF:2
FNH:0
FNDA:0,(anonymous_0)
FNDA:0,(anonymous_1)
DA:2,0
DA:3,0
DA:6,0
DA:7,0
DA:8,0
DA:9,0
DA:10,0
DA:12,0
DA:14,0
DA:16,0
DA:19,0
DA:22,0
DA:25,0
DA:27,0
DA:33,0
DA:38,0
DA:44,0
DA:45,0
DA:47,0
DA:55,0
DA:57,0
DA:58,0
DA:61,0
DA:63,0
DA:65,0
DA:67,0
DA:68,0
DA:71,0
DA:73,0
DA:75,0
LF:30
LH:0
BRDA:2,0,0,0
BRDA:2,0,1,0
BRDA:22,1,0,0
BRDA:22,1,1,0
BRDA:25,2,0,0
BRDA:25,2,1,0
BRDA:27,3,0,0
BRDA:27,3,1,0
BRDA:28,4,0,0
BRDA:28,4,1,0
BRDA:28,4,2,0
BRDA:28,4,3,0
BRDA:44,5,0,0
BRDA:44,5,1,0
BRF:14
BRH:0
end_of_record
TN:
SF:src\socket.js
FN:8,(anonymous_0)
FN:11,(anonymous_1)
FN:33,(anonymous_2)
FN:37,(anonymous_3)
FN:44,(anonymous_4)
FN:51,(anonymous_5)
FN:55,(anonymous_6)
FN:66,(anonymous_7)
FN:76,(anonymous_8)
FN:86,(anonymous_9)
FN:104,(anonymous_10)
FN:122,(anonymous_11)
FNF:12
FNH:0
FNDA:0,(anonymous_0)
FNDA:0,(anonymous_1)
FNDA:0,(anonymous_2)
FNDA:0,(anonymous_3)
FNDA:0,(anonymous_4)
FNDA:0,(anonymous_5)
FNDA:0,(anonymous_6)
FNDA:0,(anonymous_7)
FNDA:0,(anonymous_8)
FNDA:0,(anonymous_9)
FNDA:0,(anonymous_10)
FNDA:0,(anonymous_11)
DA:1,0
DA:8,0
DA:9,0
DA:13,0
DA:14,0
DA:17,0
DA:21,0
DA:22,0
DA:24,0
DA:33,0
DA:34,0
DA:37,0
DA:38,0
DA:39,0
DA:40,0
DA:44,0
DA:45,0
DA:46,0
DA:47,0
DA:51,0
DA:52,0
DA:55,0
DA:56,0
DA:60,0
DA:66,0
DA:67,0
DA:68,0
DA:69,0
DA:76,0
DA:77,0
DA:78,0
DA:79,0
DA:86,0
DA:87,0
DA:89,0
DA:90,0
DA:91,0
DA:93,0
DA:94,0
DA:95,0
DA:97,0
DA:104,0
DA:105,0
DA:106,0
DA:107,0
DA:108,0
DA:109,0
DA:110,0
DA:112,0
DA:116,0
DA:122,0
LF:51
LH:0
BRDA:13,0,0,0
BRDA:13,0,1,0
BRDA:21,1,0,0
BRDA:21,1,1,0
BRDA:21,2,0,0
BRDA:21,2,1,0
BRDA:38,3,0,0
BRDA:38,3,1,0
BRDA:38,4,0,0
BRDA:38,4,1,0
BRDA:45,5,0,0
BRDA:45,5,1,0
BRDA:45,6,0,0
BRDA:45,6,1,0
BRDA:67,7,0,0
BRDA:67,7,1,0
BRDA:77,8,0,0
BRDA:77,8,1,0
BRDA:87,9,0,0
BRDA:87,9,1,0
BRDA:90,10,0,0
BRDA:90,10,1,0
BRDA:105,11,0,0
BRDA:105,11,1,0
BRF:24
BRH:0
end_of_record
TN:
SF:src\controllers\adviceController.js
FN:8,(anonymous_0)
FN:33,(anonymous_1)
FN:106,(anonymous_2)
FN:194,(anonymous_3)
FNF:4
FNH:0
FNDA:0,(anonymous_0)
FNDA:0,(anonymous_1)
FNDA:0,(anonymous_2)
FNDA:0,(anonymous_3)
DA:1,0
DA:2,0
DA:8,0
DA:9,0
DA:10,0
DA:13,0
DA:14,0
DA:20,0
DA:25,0
DA:33,0
DA:34,0
DA:35,0
DA:38,0
DA:39,0
DA:41,0
DA:42,0
DA:48,0
DA:49,0
DA:50,0
DA:52,0
DA:53,0
DA:58,0
DA:72,0
DA:96,0
DA:98,0
DA:106,0
DA:107,0
DA:108,0
DA:111,0
DA:112,0
DA:113,0
DA:115,0
DA:119,0
DA:120,0
DA:124,0
DA:125,0
DA:126,0
DA:128,0
DA:129,0
DA:134,0
DA:149,0
DA:184,0
DA:186,0
DA:194,0
DA:195,0
DA:196,0
DA:199,0
DA:200,0
DA:202,0
DA:206,0
DA:207,0
DA:210,0
DA:214,0
DA:215,0
DA:218,0
DA:223,0
DA:242,0
DA:244,0
DA:248,0
LF:59
LH:0
BRDA:9,0,0,0
BRDA:9,0,1,0
BRDA:34,1,0,0
BRDA:34,1,1,0
BRDA:41,2,0,0
BRDA:41,2,1,0
BRDA:41,3,0,0
BRDA:41,3,1,0
BRDA:48,4,0,0
BRDA:48,4,1,0
BRDA:49,5,0,0
BRDA:49,5,1,0
BRDA:50,6,0,0
BRDA:50,6,1,0
BRDA:52,7,0,0
BRDA:52,7,1,0
BRDA:52,8,0,0
BRDA:52,8,1,0
BRDA:52,8,2,0
BRDA:62,9,0,0
BRDA:62,9,1,0
BRDA:63,10,0,0
BRDA:63,10,1,0
BRDA:64,11,0,0
BRDA:64,11,1,0
BRDA:64,12,0,0
BRDA:64,12,1,0
BRDA:64,13,0,0
BRDA:64,13,1,0
BRDA:65,14,0,0
BRDA:65,14,1,0
BRDA:65,15,0,0
BRDA:65,15,1,0
BRDA:65,16,0,0
BRDA:65,16,1,0
BRDA:66,17,0,0
BRDA:66,17,1,0
BRDA:66,18,0,0
BRDA:66,18,1,0
BRDA:66,19,0,0
BRDA:66,19,1,0
BRDA:67,20,0,0
BRDA:67,20,1,0
BRDA:107,21,0,0
BRDA:107,21,1,0
BRDA:119,22,0,0
BRDA:119,22,1,0
BRDA:124,23,0,0
BRDA:124,23,1,0
BRDA:125,24,0,0
BRDA:125,24,1,0
BRDA:126,25,0,0
BRDA:126,25,1,0
BRDA:128,26,0,0
BRDA:128,26,1,0
BRDA:128,27,0,0
BRDA:128,27,1,0
BRDA:128,27,2,0
BRDA:137,28,0,0
BRDA:137,28,1,0
BRDA:138,29,0,0
BRDA:138,29,1,0
BRDA:139,30,0,0
BRDA:139,30,1,0
BRDA:139,31,0,0
BRDA:139,31,1,0
BRDA:140,32,0,0
BRDA:140,32,1,0
BRDA:140,33,0,0
BRDA:140,33,1,0
BRDA:141,34,0,0
BRDA:141,34,1,0
BRDA:141,35,0,0
BRDA:141,35,1,0
BRDA:141,36,0,0
BRDA:141,36,1,0
BRDA:142,37,0,0
BRDA:142,37,1,0
BRDA:142,38,0,0
BRDA:142,38,1,0
BRDA:142,39,0,0
BRDA:142,39,1,0
BRDA:143,40,0,0
BRDA:143,40,1,0
BRDA:143,41,0,0
BRDA:143,41,1,0
BRDA:143,42,0,0
BRDA:143,42,1,0
BRDA:144,43,0,0
BRDA:144,43,1,0
BRDA:195,44,0,0
BRDA:195,44,1,0
BRDA:206,45,0,0
BRDA:206,45,1,0
BRDA:214,46,0,0
BRDA:214,46,1,0
BRF:96
BRH:0
end_of_record
TN:
SF:src\controllers\authController.js
FN:12,(anonymous_0)
FN:16,(anonymous_1)
FN:103,(anonymous_2)
FN:145,(anonymous_3)
FN:155,(anonymous_4)
FN:166,(anonymous_5)
FN:211,(anonymous_6)
FN:261,(anonymous_7)
FN:285,(anonymous_8)
FN:342,(anonymous_9)
FN:410,(anonymous_10)
FN:465,(anonymous_11)
FNF:12
FNH:3
FNDA:0,(anonymous_0)
FNDA:11,(anonymous_1)
FNDA:2,(anonymous_2)
FNDA:0,(anonymous_3)
FNDA:0,(anonymous_4)
FNDA:0,(anonymous_5)
FNDA:0,(anonymous_6)
FNDA:1,(anonymous_7)
FNDA:0,(anonymous_8)
FNDA:0,(anonymous_9)
FNDA:0,(anonymous_10)
FNDA:0,(anonymous_11)
DA:1,1
DA:2,1
DA:3,1
DA:4,1
DA:5,1
DA:8,1
DA:9,1
DA:10,1
DA:12,1
DA:13,0
DA:16,1
DA:17,11
DA:18,11
DA:20,11
DA:21,2
DA:24,9
DA:60,9
DA:62,9
DA:63,0
DA:72,0
DA:74,9
DA:80,9
DA:81,1
DA:84,8
DA:85,8
DA:86,9
DA:87,0
DA:90,9
DA:91,9
DA:92,8
DA:96,8
DA:97,1
DA:100,7
DA:101,1
DA:103,2
DA:119,6
DA:122,6
DA:123,1
DA:128,5
DA:129,1
DA:134,4
DA:135,1
DA:140,3
DA:142,3
DA:143,0
DA:144,0
DA:145,0
DA:153,3
DA:154,1
DA:155,1
DA:156,0
DA:163,1
DA:164,1
DA:167,0
DA:176,3
DA:182,3
DA:183,3
DA:186,3
DA:205,3
DA:207,0
DA:211,1
DA:212,0
DA:213,0
DA:215,0
DA:216,0
DA:221,0
DA:222,0
DA:224,0
DA:228,0
DA:238,0
DA:239,0
DA:243,0
DA:249,0
DA:250,0
DA:252,0
DA:257,0
DA:261,1
DA:262,1
DA:264,1
DA:265,0
DA:278,1
DA:280,0
DA:285,1
DA:286,0
DA:287,0
DA:289,0
DA:290,0
DA:293,0
DA:299,0
DA:300,0
DA:306,0
DA:307,0
DA:308,0
DA:311,0
DA:321,0
DA:322,0
DA:328,0
DA:332,0
DA:337,0
DA:342,1
DA:343,0
DA:344,0
DA:346,0
DA:347,0
DA:350,0
DA:360,0
DA:361,0
DA:365,0
DA:366,0
DA:373,0
DA:374,0
DA:381,0
DA:383,0
DA:390,0
DA:391,0
DA:398,0
DA:400,0
DA:405,0
DA:410,1
DA:411,0
DA:412,0
DA:414,0
DA:415,0
DA:418,0
DA:424,0
DA:425,0
DA:431,0
DA:432,0
DA:433,0
DA:436,0
DA:446,0
DA:447,0
DA:453,0
DA:456,0
DA:460,0
DA:465,1
DA:466,0
DA:467,0
DA:469,0
DA:470,0
DA:473,0
DA:474,0
DA:477,0
DA:478,0
DA:483,0
DA:484,0
DA:485,0
DA:487,0
DA:491,0
DA:500,0
DA:501,0
DA:505,0
DA:506,0
DA:512,0
DA:515,0
DA:525,0
DA:529,0
DA:533,1
LF:158
LH:60
BRDA:18,0,0,11
BRDA:18,0,1,0
BRDA:20,1,0,2
BRDA:20,1,1,9
BRDA:20,2,0,11
BRDA:20,2,1,10
BRDA:62,3,0,0
BRDA:62,3,1,9
BRDA:72,4,0,0
BRDA:72,4,1,0
BRDA:80,5,0,1
BRDA:80,5,1,8
BRDA:86,6,0,0
BRDA:86,6,1,9
BRDA:91,7,0,8
BRDA:91,7,1,1
BRDA:96,8,0,1
BRDA:96,8,1,7
BRDA:100,9,0,1
BRDA:100,9,1,6
BRDA:100,10,0,7
BRDA:100,10,1,1
BRDA:106,11,0,0
BRDA:106,11,1,2
BRDA:109,12,0,1
BRDA:109,12,1,1
BRDA:112,13,0,1
BRDA:112,13,1,1
BRDA:122,14,0,1
BRDA:122,14,1,5
BRDA:122,15,0,6
BRDA:122,15,1,2
BRDA:128,16,0,1
BRDA:128,16,1,4
BRDA:128,17,0,5
BRDA:128,17,1,2
BRDA:134,18,0,1
BRDA:134,18,1,3
BRDA:134,19,0,4
BRDA:134,19,1,2
BRDA:142,20,0,0
BRDA:142,20,1,3
BRDA:153,21,0,1
BRDA:153,21,1,2
BRDA:153,22,0,3
BRDA:153,22,1,1
BRDA:163,23,0,1
BRDA:163,23,1,0
BRDA:199,24,0,1
BRDA:199,24,1,2
BRDA:200,25,0,1
BRDA:200,25,1,2
BRDA:201,26,0,1
BRDA:201,26,1,2
BRDA:215,27,0,0
BRDA:215,27,1,0
BRDA:238,28,0,0
BRDA:238,28,1,0
BRDA:238,29,0,0
BRDA:238,29,1,0
BRDA:264,30,0,0
BRDA:264,30,1,1
BRDA:287,31,0,0
BRDA:287,31,1,0
BRDA:289,32,0,0
BRDA:289,32,1,0
BRDA:299,33,0,0
BRDA:299,33,1,0
BRDA:299,34,0,0
BRDA:299,34,1,0
BRDA:344,35,0,0
BRDA:344,35,1,0
BRDA:346,36,0,0
BRDA:346,36,1,0
BRDA:346,37,0,0
BRDA:346,37,1,0
BRDA:360,38,0,0
BRDA:360,38,1,0
BRDA:365,39,0,0
BRDA:365,39,1,0
BRDA:365,40,0,0
BRDA:365,40,1,0
BRDA:373,41,0,0
BRDA:373,41,1,0
BRDA:381,42,0,0
BRDA:381,42,1,0
BRDA:392,43,0,0
BRDA:392,43,1,0
BRDA:412,44,0,0
BRDA:412,44,1,0
BRDA:414,45,0,0
BRDA:414,45,1,0
BRDA:424,46,0,0
BRDA:424,46,1,0
BRDA:424,47,0,0
BRDA:424,47,1,0
BRDA:467,48,0,0
BRDA:467,48,1,0
BRDA:469,49,0,0
BRDA:469,49,1,0
BRDA:469,50,0,0
BRDA:469,50,1,0
BRDA:469,50,2,0
BRDA:473,51,0,0
BRDA:473,51,1,0
BRDA:477,52,0,0
BRDA:477,52,1,0
BRDA:500,53,0,0
BRDA:500,53,1,0
BRDA:505,54,0,0
BRDA:505,54,1,0
BRDA:505,55,0,0
BRDA:505,55,1,0
BRF:113
BRH:47
end_of_record
TN:
SF:src\controllers\campaignController.js
FN:5,(anonymous_0)
FN:58,(anonymous_1)
FN:116,(anonymous_2)
FN:132,(anonymous_3)
FN:196,(anonymous_4)
FN:299,(anonymous_5)
FN:357,(anonymous_6)
FN:442,(anonymous_7)
FN:469,(anonymous_8)
FN:502,(anonymous_9)
FNF:10
FNH:0
FNDA:0,(anonymous_0)
FNDA:0,(anonymous_1)
FNDA:0,(anonymous_2)
FNDA:0,(anonymous_3)
FNDA:0,(anonymous_4)
FNDA:0,(anonymous_5)
FNDA:0,(anonymous_6)
FNDA:0,(anonymous_7)
FNDA:0,(anonymous_8)
FNDA:0,(anonymous_9)
DA:1,0
DA:2,0
DA:3,0
DA:5,0
DA:6,0
DA:7,0
DA:10,0
DA:11,0
DA:12,0
DA:14,0
DA:15,0
DA:18,0
DA:29,0
DA:30,0
DA:33,0
DA:36,0
DA:51,0
DA:53,0
DA:54,0
DA:58,0
DA:59,0
DA:60,0
DA:63,0
DA:64,0
DA:66,0
DA:67,0
DA:72,0
DA:75,0
DA:76,0
DA:77,0
DA:81,0
DA:82,0
DA:83,0
DA:87,0
DA:91,0
DA:92,0
DA:95,0
DA:116,0
DA:117,0
DA:119,0
DA:132,0
DA:134,0
DA:135,0
DA:147,0
DA:148,0
DA:149,0
DA:154,0
DA:159,0
DA:162,0
DA:168,0
DA:190,0
DA:192,0
DA:196,0
DA:197,0
DA:198,0
DA:201,0
DA:202,0
DA:203,0
DA:205,0
DA:212,0
DA:213,0
DA:217,0
DA:218,0
DA:219,0
DA:225,0
DA:227,0
DA:228,0
DA:229,0
DA:231,0
DA:235,0
DA:236,0
DA:240,0
DA:262,0
DA:293,0
DA:295,0
DA:299,0
DA:300,0
DA:301,0
DA:304,0
DA:305,0
DA:307,0
DA:311,0
DA:312,0
DA:316,0
DA:317,0
DA:318,0
DA:324,0
DA:329,0
DA:351,0
DA:353,0
DA:357,0
DA:358,0
DA:359,0
DA:362,0
DA:363,0
DA:367,0
DA:369,0
DA:370,0
DA:373,0
DA:374,0
DA:375,0
DA:376,0
DA:382,0
DA:384,0
DA:390,0
DA:391,0
DA:393,0
DA:394,0
DA:399,0
DA:400,0
DA:406,0
DA:410,0
DA:411,0
DA:415,0
DA:416,0
DA:417,0
DA:423,0
DA:426,0
DA:427,0
DA:429,0
DA:430,0
DA:433,0
DA:434,0
DA:439,0
DA:442,0
DA:443,0
DA:448,0
DA:463,0
DA:465,0
DA:469,0
DA:470,0
DA:471,0
DA:474,0
DA:475,0
DA:476,0
DA:478,0
DA:479,0
DA:484,0
DA:488,0
DA:489,0
DA:493,0
DA:494,0
DA:495,0
DA:501,0
DA:502,0
DA:504,0
DA:505,0
DA:510,0
DA:525,0
DA:527,0
DA:531,0
LF:151
LH:0
BRDA:10,0,0,0
BRDA:10,0,1,0
BRDA:10,1,0,0
BRDA:10,1,1,0
BRDA:12,2,0,0
BRDA:12,2,1,0
BRDA:14,3,0,0
BRDA:14,3,1,0
BRDA:29,4,0,0
BRDA:29,4,1,0
BRDA:59,5,0,0
BRDA:59,5,1,0
BRDA:59,6,0,0
BRDA:59,6,1,0
BRDA:66,7,0,0
BRDA:66,7,1,0
BRDA:66,8,0,0
BRDA:66,8,1,0
BRDA:66,8,2,0
BRDA:75,9,0,0
BRDA:75,9,1,0
BRDA:76,10,0,0
BRDA:76,10,1,0
BRDA:82,11,0,0
BRDA:82,11,1,0
BRDA:91,12,0,0
BRDA:91,12,1,0
BRDA:98,13,0,0
BRDA:98,13,1,0
BRDA:134,14,0,0
BRDA:134,14,1,0
BRDA:197,15,0,0
BRDA:197,15,1,0
BRDA:197,16,0,0
BRDA:197,16,1,0
BRDA:212,17,0,0
BRDA:212,17,1,0
BRDA:217,18,0,0
BRDA:217,18,1,0
BRDA:218,19,0,0
BRDA:218,19,1,0
BRDA:218,20,0,0
BRDA:218,20,1,0
BRDA:225,21,0,0
BRDA:225,21,1,0
BRDA:227,22,0,0
BRDA:227,22,1,0
BRDA:229,23,0,0
BRDA:229,23,1,0
BRDA:229,24,0,0
BRDA:229,24,1,0
BRDA:235,25,0,0
BRDA:235,25,1,0
BRDA:243,26,0,0
BRDA:243,26,1,0
BRDA:244,27,0,0
BRDA:244,27,1,0
BRDA:245,28,0,0
BRDA:245,28,1,0
BRDA:247,29,0,0
BRDA:247,29,1,0
BRDA:248,30,0,0
BRDA:248,30,1,0
BRDA:249,31,0,0
BRDA:249,31,1,0
BRDA:300,32,0,0
BRDA:300,32,1,0
BRDA:300,33,0,0
BRDA:300,33,1,0
BRDA:311,34,0,0
BRDA:311,34,1,0
BRDA:316,35,0,0
BRDA:316,35,1,0
BRDA:317,36,0,0
BRDA:317,36,1,0
BRDA:317,37,0,0
BRDA:317,37,1,0
BRDA:358,38,0,0
BRDA:358,38,1,0
BRDA:358,39,0,0
BRDA:358,39,1,0
BRDA:367,40,0,0
BRDA:367,40,1,0
BRDA:374,41,0,0
BRDA:374,41,1,0
BRDA:376,42,0,0
BRDA:376,42,1,0
BRDA:377,43,0,0
BRDA:377,43,1,0
BRDA:377,43,2,0
BRDA:377,43,3,0
BRDA:393,44,0,0
BRDA:393,44,1,0
BRDA:393,45,0,0
BRDA:393,45,1,0
BRDA:399,46,0,0
BRDA:399,46,1,0
BRDA:410,47,0,0
BRDA:410,47,1,0
BRDA:415,48,0,0
BRDA:415,48,1,0
BRDA:416,49,0,0
BRDA:416,49,1,0
BRDA:416,50,0,0
BRDA:416,50,1,0
BRDA:423,51,0,0
BRDA:423,51,1,0
BRDA:426,52,0,0
BRDA:426,52,1,0
BRDA:427,53,0,0
BRDA:427,53,1,0
BRDA:427,54,0,0
BRDA:427,54,1,0
BRDA:433,55,0,0
BRDA:433,55,1,0
BRDA:442,56,0,0
BRDA:442,56,1,0
BRDA:470,57,0,0
BRDA:470,57,1,0
BRDA:470,58,0,0
BRDA:470,58,1,0
BRDA:478,59,0,0
BRDA:478,59,1,0
BRDA:488,60,0,0
BRDA:488,60,1,0
BRDA:493,61,0,0
BRDA:493,61,1,0
BRDA:494,62,0,0
BRDA:494,62,1,0
BRDA:494,63,0,0
BRDA:494,63,1,0
BRDA:501,64,0,0
BRDA:501,64,1,0
BRDA:504,65,0,0
BRDA:504,65,1,0
BRF:135
BRH:0
end_of_record
TN:
SF:src\controllers\childrenController.js
FN:11,(anonymous_0)
FN:40,(anonymous_1)
FN:48,(anonymous_2)
FN:77,(anonymous_3)
FN:89,(anonymous_4)
FN:96,(anonymous_5)
FN:104,(anonymous_6)
FN:119,(anonymous_7)
FN:134,(anonymous_8)
FN:145,(anonymous_9)
FN:156,(anonymous_10)
FN:181,(anonymous_11)
FN:217,(anonymous_12)
FN:239,(anonymous_13)
FN:272,(anonymous_14)
FN:299,(anonymous_15)
FN:345,(anonymous_16)
FN:346,(anonymous_17)
FN:350,(anonymous_18)
FN:351,(anonymous_19)
FN:355,(anonymous_20)
FN:356,(anonymous_21)
FN:360,(anonymous_22)
FN:361,(anonymous_23)
FN:365,(anonymous_24)
FN:388,(anonymous_25)
FN:397,(anonymous_26)
FN:399,(anonymous_27)
FN:412,(anonymous_28)
FN:423,(anonymous_29)
FN:430,(anonymous_30)
FN:437,(anonymous_31)
FN:474,(anonymous_32)
FN:506,(anonymous_33)
FN:519,(anonymous_34)
FN:556,(anonymous_35)
FN:750,(anonymous_36)
FN:780,(anonymous_37)
FN:835,(anonymous_38)
FN:855,(anonymous_39)
FN:1009,(anonymous_40)
FN:1106,(anonymous_41)
FN:1119,(anonymous_42)
FN:1131,(anonymous_43)
FN:1140,(anonymous_44)
FN:1149,(anonymous_45)
FN:1168,(anonymous_46)
FN:1203,(anonymous_47)
FN:1248,(anonymous_48)
FN:1284,(anonymous_49)
FN:1365,(anonymous_50)
FN:1402,(anonymous_51)
FN:1417,(anonymous_52)
FN:1445,(anonymous_53)
FN:1452,(anonymous_54)
FN:1498,(anonymous_55)
FN:1522,(anonymous_56)
FN:1621,(anonymous_57)
FNF:58
FNH:0
FNDA:0,(anonymous_0)
FNDA:0,(anonymous_1)
FNDA:0,(anonymous_2)
FNDA:0,(anonymous_3)
FNDA:0,(anonymous_4)
FNDA:0,(anonymous_5)
FNDA:0,(anonymous_6)
FNDA:0,(anonymous_7)
FNDA:0,(anonymous_8)
FNDA:0,(anonymous_9)
FNDA:0,(anonymous_10)
FNDA:0,(anonymous_11)
FNDA:0,(anonymous_12)
FNDA:0,(anonymous_13)
FNDA:0,(anonymous_14)
FNDA:0,(anonymous_15)
FNDA:0,(anonymous_16)
FNDA:0,(anonymous_17)
FNDA:0,(anonymous_18)
FNDA:0,(anonymous_19)
FNDA:0,(anonymous_20)
FNDA:0,(anonymous_21)
FNDA:0,(anonymous_22)
FNDA:0,(anonymous_23)
FNDA:0,(anonymous_24)
FNDA:0,(anonymous_25)
FNDA:0,(anonymous_26)
FNDA:0,(anonymous_27)
FNDA:0,(anonymous_28)
FNDA:0,(anonymous_29)
FNDA:0,(anonymous_30)
FNDA:0,(anonymous_31)
FNDA:0,(anonymous_32)
FNDA:0,(anonymous_33)
FNDA:0,(anonymous_34)
FNDA:0,(anonymous_35)
FNDA:0,(anonymous_36)
FNDA:0,(anonymous_37)
FNDA:0,(anonymous_38)
FNDA:0,(anonymous_39)
FNDA:0,(anonymous_40)
FNDA:0,(anonymous_41)
FNDA:0,(anonymous_42)
FNDA:0,(anonymous_43)
FNDA:0,(anonymous_44)
FNDA:0,(anonymous_45)
FNDA:0,(anonymous_46)
FNDA:0,(anonymous_47)
FNDA:0,(anonymous_48)
FNDA:0,(anonymous_49)
FNDA:0,(anonymous_50)
FNDA:0,(anonymous_51)
FNDA:0,(anonymous_52)
FNDA:0,(anonymous_53)
FNDA:0,(anonymous_54)
FNDA:0,(anonymous_55)
FNDA:0,(anonymous_56)
FNDA:0,(anonymous_57)
DA:1,0
DA:2,0
DA:3,0
DA:6,0
DA:7,0
DA:8,0
DA:9,0
DA:11,0
DA:12,0
DA:13,0
DA:14,0
DA:17,0
DA:40,0
DA:41,0
DA:42,0
DA:44,0
DA:45,0
DA:48,0
DA:49,0
DA:50,0
DA:52,0
DA:54,0
DA:57,0
DA:59,0
DA:63,0
DA:67,0
DA:73,0
DA:77,0
DA:78,0
DA:79,0
DA:82,0
DA:83,0
DA:86,0
DA:89,0
DA:90,0
DA:91,0
DA:93,0
DA:96,0
DA:97,0
DA:98,0
DA:100,0
DA:101,0
DA:104,0
DA:105,0
DA:106,0
DA:107,0
DA:109,0
DA:112,0
DA:113,0
DA:114,0
DA:116,0
DA:119,0
DA:120,0
DA:121,0
DA:122,0
DA:124,0
DA:127,0
DA:128,0
DA:129,0
DA:131,0
DA:134,0
DA:135,0
DA:139,0
DA:140,0
DA:142,0
DA:145,0
DA:146,0
DA:150,0
DA:151,0
DA:153,0
DA:156,0
DA:157,0
DA:158,0
DA:160,0
DA:164,0
DA:166,0
DA:170,0
DA:172,0
DA:181,0
DA:182,0
DA:184,0
DA:185,0
DA:186,0
DA:187,0
DA:190,0
DA:191,0
DA:195,0
DA:196,0
DA:199,0
DA:200,0
DA:206,0
DA:207,0
DA:210,0
DA:211,0
DA:214,0
DA:217,0
DA:218,0
DA:219,0
DA:221,0
DA:225,0
DA:227,0
DA:228,0
DA:230,0
DA:239,0
DA:240,0
DA:242,0
DA:243,0
DA:244,0
DA:245,0
DA:248,0
DA:249,0
DA:253,0
DA:254,0
DA:257,0
DA:258,0
DA:261,0
DA:262,0
DA:265,0
DA:266,0
DA:269,0
DA:272,0
DA:273,0
DA:274,0
DA:276,0
DA:277,0
DA:278,0
DA:281,0
DA:285,0
DA:287,0
DA:289,0
DA:299,0
DA:300,0
DA:302,0
DA:303,0
DA:304,0
DA:305,0
DA:308,0
DA:309,0
DA:310,0
DA:311,0
DA:313,0
DA:316,0
DA:317,0
DA:323,0
DA:324,0
DA:327,0
DA:328,0
DA:329,0
DA:330,0
DA:332,0
DA:335,0
DA:336,0
DA:339,0
DA:342,0
DA:345,0
DA:346,0
DA:350,0
DA:351,0
DA:355,0
DA:356,0
DA:360,0
DA:361,0
DA:365,0
DA:366,0
DA:367,0
DA:369,0
DA:370,0
DA:374,0
DA:375,0
DA:379,0
DA:388,0
DA:390,0
DA:391,0
DA:394,0
DA:397,0
DA:399,0
DA:412,0
DA:423,0
DA:430,0
DA:437,0
DA:447,0
DA:474,0
DA:475,0
DA:476,0
DA:479,0
DA:480,0
DA:494,0
DA:496,0
DA:498,0
DA:499,0
DA:501,0
DA:502,0
DA:503,0
DA:504,0
DA:506,0
DA:507,0
DA:509,0
DA:511,0
DA:513,0
DA:515,0
DA:519,0
DA:520,0
DA:521,0
DA:522,0
DA:523,0
DA:524,0
DA:525,0
DA:526,0
DA:527,0
DA:529,0
DA:531,0
DA:534,0
DA:535,0
DA:552,0
DA:556,0
DA:557,0
DA:576,0
DA:577,0
DA:578,0
DA:580,0
DA:581,0
DA:583,0
DA:589,0
DA:592,0
DA:594,0
DA:595,0
DA:596,0
DA:597,0
DA:598,0
DA:600,0
DA:601,0
DA:604,0
DA:607,0
DA:608,0
DA:610,0
DA:618,0
DA:619,0
DA:620,0
DA:621,0
DA:622,0
DA:624,0
DA:625,0
DA:628,0
DA:631,0
DA:632,0
DA:634,0
DA:641,0
DA:646,0
DA:647,0
DA:653,0
DA:654,0
DA:660,0
DA:661,0
DA:668,0
DA:669,0
DA:671,0
DA:675,0
DA:724,0
DA:727,0
DA:750,0
DA:751,0
DA:752,0
DA:760,0
DA:764,0
DA:765,0
DA:772,0
DA:776,0
DA:780,0
DA:781,0
DA:782,0
DA:785,0
DA:786,0
DA:787,0
DA:789,0
DA:793,0
DA:794,0
DA:797,0
DA:807,0
DA:835,0
DA:836,0
DA:837,0
DA:845,0
DA:849,0
DA:851,0
DA:855,0
DA:856,0
DA:857,0
DA:860,0
DA:861,0
DA:864,0
DA:865,0
DA:866,0
DA:867,0
DA:868,0
DA:873,0
DA:874,0
DA:876,0
DA:877,0
DA:878,0
DA:879,0
DA:882,0
DA:883,0
DA:894,0
DA:895,0
DA:900,0
DA:901,0
DA:904,0
DA:916,0
DA:917,0
DA:922,0
DA:923,0
DA:926,0
DA:934,0
DA:935,0
DA:940,0
DA:941,0
DA:944,0
DA:950,0
DA:999,0
DA:1004,0
DA:1005,0
DA:1009,0
DA:1010,0
DA:1012,0
DA:1013,0
DA:1081,0
DA:1082,0
DA:1085,0
DA:1086,0
DA:1089,0
DA:1106,0
DA:1119,0
DA:1131,0
DA:1140,0
DA:1149,0
DA:1164,0
DA:1168,0
DA:1169,0
DA:1170,0
DA:1172,0
DA:1173,0
DA:1176,0
DA:1177,0
DA:1182,0
DA:1183,0
DA:1186,0
DA:1187,0
DA:1190,0
DA:1195,0
DA:1197,0
DA:1199,0
DA:1203,0
DA:1204,0
DA:1205,0
DA:1207,0
DA:1208,0
DA:1211,0
DA:1212,0
DA:1221,0
DA:1222,0
DA:1225,0
DA:1226,0
DA:1229,0
DA:1231,0
DA:1232,0
DA:1237,0
DA:1242,0
DA:1244,0
DA:1248,0
DA:1249,0
DA:1250,0
DA:1252,0
DA:1253,0
DA:1256,0
DA:1257,0
DA:1266,0
DA:1267,0
DA:1270,0
DA:1271,0
DA:1274,0
DA:1278,0
DA:1280,0
DA:1284,0
DA:1285,0
DA:1288,0
DA:1292,0
DA:1293,0
DA:1294,0
DA:1298,0
DA:1299,0
DA:1301,0
DA:1302,0
DA:1307,0
DA:1308,0
DA:1311,0
DA:1320,0
DA:1322,0
DA:1323,0
DA:1326,0
DA:1331,0
DA:1333,0
DA:1334,0
DA:1337,0
DA:1342,0
DA:1363,0
DA:1365,0
DA:1367,0
DA:1369,0
DA:1371,0
DA:1372,0
DA:1381,0
DA:1382,0
DA:1394,0
DA:1395,0
DA:1397,0
DA:1398,0
DA:1402,0
DA:1411,0
DA:1413,0
DA:1417,0
DA:1418,0
DA:1419,0
DA:1422,0
DA:1423,0
DA:1425,0
DA:1435,0
DA:1436,0
DA:1440,0
DA:1441,0
DA:1445,0
DA:1447,0
DA:1452,0
DA:1453,0
DA:1454,0
DA:1460,0
DA:1461,0
DA:1462,0
DA:1463,0
DA:1464,0
DA:1467,0
DA:1470,0
DA:1473,0
DA:1477,0
DA:1498,0
DA:1499,0
DA:1500,0
DA:1508,0
DA:1512,0
DA:1514,0
DA:1522,0
DA:1523,0
DA:1524,0
DA:1527,0
DA:1528,0
DA:1531,0
DA:1552,0
DA:1553,0
DA:1557,0
DA:1558,0
DA:1559,0
DA:1560,0
DA:1561,0
DA:1562,0
DA:1563,0
DA:1564,0
DA:1565,0
DA:1566,0
DA:1567,0
DA:1571,0
DA:1572,0
DA:1576,0
DA:1585,0
DA:1586,0
DA:1587,0
DA:1588,0
DA:1589,0
DA:1590,0
DA:1593,0
DA:1594,0
DA:1599,0
DA:1603,0
DA:1607,0
DA:1613,0
DA:1621,0
DA:1622,0
DA:1623,0
DA:1626,0
DA:1627,0
DA:1630,0
DA:1651,0
DA:1652,0
DA:1656,0
DA:1657,0
DA:1658,0
DA:1659,0
DA:1660,0
DA:1661,0
DA:1662,0
DA:1663,0
DA:1664,0
DA:1665,0
DA:1666,0
DA:1670,0
DA:1671,0
DA:1675,0
DA:1684,0
DA:1685,0
DA:1686,0
DA:1687,0
DA:1688,0
DA:1690,0
DA:1694,0
DA:1700,0
DA:1704,0
LF:514
LH:0
BRDA:11,0,0,0
BRDA:41,1,0,0
BRDA:41,1,1,0
BRDA:42,2,0,0
BRDA:42,2,1,0
BRDA:44,3,0,0
BRDA:44,3,1,0
BRDA:49,4,0,0
BRDA:49,4,1,0
BRDA:54,5,0,0
BRDA:54,5,1,0
BRDA:54,5,2,0
BRDA:54,5,3,0
BRDA:54,5,4,0
BRDA:54,5,5,0
BRDA:60,6,0,0
BRDA:60,6,1,0
BRDA:60,6,2,0
BRDA:64,7,0,0
BRDA:64,7,1,0
BRDA:64,7,2,0
BRDA:68,8,0,0
BRDA:68,8,1,0
BRDA:68,8,2,0
BRDA:78,9,0,0
BRDA:78,9,1,0
BRDA:82,10,0,0
BRDA:82,10,1,0
BRDA:86,11,0,0
BRDA:86,11,1,0
BRDA:90,12,0,0
BRDA:90,12,1,0
BRDA:90,13,0,0
BRDA:90,13,1,0
BRDA:97,14,0,0
BRDA:97,14,1,0
BRDA:101,15,0,0
BRDA:101,15,1,0
BRDA:104,16,0,0
BRDA:104,17,0,0
BRDA:105,18,0,0
BRDA:105,18,1,0
BRDA:105,19,0,0
BRDA:105,19,1,0
BRDA:105,19,2,0
BRDA:106,20,0,0
BRDA:106,20,1,0
BRDA:113,21,0,0
BRDA:113,21,1,0
BRDA:113,22,0,0
BRDA:113,22,1,0
BRDA:119,23,0,0
BRDA:119,24,0,0
BRDA:120,25,0,0
BRDA:120,25,1,0
BRDA:120,26,0,0
BRDA:120,26,1,0
BRDA:120,26,2,0
BRDA:121,27,0,0
BRDA:121,27,1,0
BRDA:128,28,0,0
BRDA:128,28,1,0
BRDA:139,29,0,0
BRDA:139,29,1,0
BRDA:150,30,0,0
BRDA:150,30,1,0
BRDA:184,31,0,0
BRDA:184,31,1,0
BRDA:190,32,0,0
BRDA:190,32,1,0
BRDA:199,33,0,0
BRDA:199,33,1,0
BRDA:206,34,0,0
BRDA:206,34,1,0
BRDA:210,35,0,0
BRDA:210,35,1,0
BRDA:242,36,0,0
BRDA:242,36,1,0
BRDA:248,37,0,0
BRDA:248,37,1,0
BRDA:257,38,0,0
BRDA:257,38,1,0
BRDA:261,39,0,0
BRDA:261,39,1,0
BRDA:265,40,0,0
BRDA:265,40,1,0
BRDA:277,41,0,0
BRDA:277,41,1,0
BRDA:287,42,0,0
BRDA:287,42,1,0
BRDA:302,43,0,0
BRDA:302,43,1,0
BRDA:308,44,0,0
BRDA:308,44,1,0
BRDA:310,45,0,0
BRDA:310,45,1,0
BRDA:316,46,0,0
BRDA:316,46,1,0
BRDA:323,47,0,0
BRDA:323,47,1,0
BRDA:327,48,0,0
BRDA:327,48,1,0
BRDA:329,49,0,0
BRDA:329,49,1,0
BRDA:335,50,0,0
BRDA:335,50,1,0
BRDA:366,51,0,0
BRDA:366,51,1,0
BRDA:369,52,0,0
BRDA:369,52,1,0
BRDA:374,53,0,0
BRDA:374,53,1,0
BRDA:390,54,0,0
BRDA:390,54,1,0
BRDA:399,55,0,0
BRDA:399,55,1,0
BRDA:402,56,0,0
BRDA:402,56,1,0
BRDA:404,57,0,0
BRDA:404,57,1,0
BRDA:405,58,0,0
BRDA:405,58,1,0
BRDA:406,59,0,0
BRDA:406,59,1,0
BRDA:407,60,0,0
BRDA:407,60,1,0
BRDA:412,61,0,0
BRDA:412,61,1,0
BRDA:416,62,0,0
BRDA:416,62,1,0
BRDA:417,63,0,0
BRDA:417,63,1,0
BRDA:417,64,0,0
BRDA:417,64,1,0
BRDA:419,65,0,0
BRDA:419,65,1,0
BRDA:423,66,0,0
BRDA:423,66,1,0
BRDA:426,67,0,0
BRDA:426,67,1,0
BRDA:430,68,0,0
BRDA:430,68,1,0
BRDA:433,69,0,0
BRDA:433,69,1,0
BRDA:437,70,0,0
BRDA:437,70,1,0
BRDA:441,71,0,0
BRDA:441,71,1,0
BRDA:442,72,0,0
BRDA:442,72,1,0
BRDA:442,73,0,0
BRDA:442,73,1,0
BRDA:444,74,0,0
BRDA:444,74,1,0
BRDA:454,75,0,0
BRDA:454,75,1,0
BRDA:455,76,0,0
BRDA:455,76,1,0
BRDA:456,77,0,0
BRDA:456,77,1,0
BRDA:457,78,0,0
BRDA:457,78,1,0
BRDA:457,78,2,0
BRDA:459,79,0,0
BRDA:459,79,1,0
BRDA:467,80,0,0
BRDA:467,80,1,0
BRDA:468,81,0,0
BRDA:468,81,1,0
BRDA:475,82,0,0
BRDA:475,82,1,0
BRDA:479,83,0,0
BRDA:479,83,1,0
BRDA:507,84,0,0
BRDA:507,84,1,0
BRDA:507,84,2,0
BRDA:507,84,3,0
BRDA:521,85,0,0
BRDA:521,85,1,0
BRDA:522,86,0,0
BRDA:522,86,1,0
BRDA:524,87,0,0
BRDA:524,87,1,0
BRDA:526,88,0,0
BRDA:526,88,1,0
BRDA:583,89,0,0
BRDA:583,89,1,0
BRDA:589,90,0,0
BRDA:589,90,1,0
BRDA:594,91,0,0
BRDA:594,91,1,0
BRDA:595,92,0,0
BRDA:595,92,1,0
BRDA:597,93,0,0
BRDA:597,93,1,0
BRDA:600,94,0,0
BRDA:600,94,1,0
BRDA:604,95,0,0
BRDA:604,95,1,0
BRDA:607,96,0,0
BRDA:607,96,1,0
BRDA:618,97,0,0
BRDA:618,97,1,0
BRDA:619,98,0,0
BRDA:619,98,1,0
BRDA:621,99,0,0
BRDA:621,99,1,0
BRDA:624,100,0,0
BRDA:624,100,1,0
BRDA:628,101,0,0
BRDA:628,101,1,0
BRDA:631,102,0,0
BRDA:631,102,1,0
BRDA:646,103,0,0
BRDA:646,103,1,0
BRDA:653,104,0,0
BRDA:653,104,1,0
BRDA:660,105,0,0
BRDA:660,105,1,0
BRDA:767,106,0,0
BRDA:767,106,1,0
BRDA:767,106,2,0
BRDA:781,107,0,0
BRDA:781,107,1,0
BRDA:781,108,0,0
BRDA:781,108,1,0
BRDA:793,109,0,0
BRDA:793,109,1,0
BRDA:856,110,0,0
BRDA:856,110,1,0
BRDA:865,111,0,0
BRDA:865,111,1,0
BRDA:867,112,0,0
BRDA:867,112,1,0
BRDA:873,113,0,0
BRDA:873,113,1,0
BRDA:876,114,0,0
BRDA:876,114,1,0
BRDA:878,115,0,0
BRDA:878,115,1,0
BRDA:882,116,0,0
BRDA:882,116,1,0
BRDA:894,117,0,0
BRDA:894,117,1,0
BRDA:900,118,0,0
BRDA:900,118,1,0
BRDA:916,119,0,0
BRDA:916,119,1,0
BRDA:922,120,0,0
BRDA:922,120,1,0
BRDA:934,121,0,0
BRDA:934,121,1,0
BRDA:940,122,0,0
BRDA:940,122,1,0
BRDA:1081,123,0,0
BRDA:1081,123,1,0
BRDA:1085,124,0,0
BRDA:1085,124,1,0
BRDA:1098,125,0,0
BRDA:1098,125,1,0
BRDA:1098,125,2,0
BRDA:1101,126,0,0
BRDA:1101,126,1,0
BRDA:1102,127,0,0
BRDA:1102,127,1,0
BRDA:1103,128,0,0
BRDA:1103,128,1,0
BRDA:1112,129,0,0
BRDA:1112,129,1,0
BRDA:1113,130,0,0
BRDA:1113,130,1,0
BRDA:1114,131,0,0
BRDA:1114,131,1,0
BRDA:1115,132,0,0
BRDA:1115,132,1,0
BRDA:1116,133,0,0
BRDA:1116,133,1,0
BRDA:1117,134,0,0
BRDA:1117,134,1,0
BRDA:1125,135,0,0
BRDA:1125,135,1,0
BRDA:1126,136,0,0
BRDA:1126,136,1,0
BRDA:1126,137,0,0
BRDA:1126,137,1,0
BRDA:1129,138,0,0
BRDA:1129,138,1,0
BRDA:1138,139,0,0
BRDA:1138,139,1,0
BRDA:1147,140,0,0
BRDA:1147,140,1,0
BRDA:1155,141,0,0
BRDA:1155,141,1,0
BRDA:1156,142,0,0
BRDA:1156,142,1,0
BRDA:1156,143,0,0
BRDA:1156,143,1,0
BRDA:1159,144,0,0
BRDA:1159,144,1,0
BRDA:1172,145,0,0
BRDA:1172,145,1,0
BRDA:1182,146,0,0
BRDA:1182,146,1,0
BRDA:1186,147,0,0
BRDA:1186,147,1,0
BRDA:1190,148,0,0
BRDA:1190,148,1,0
BRDA:1207,149,0,0
BRDA:1207,149,1,0
BRDA:1221,150,0,0
BRDA:1221,150,1,0
BRDA:1221,151,0,0
BRDA:1221,151,1,0
BRDA:1225,152,0,0
BRDA:1225,152,1,0
BRDA:1229,153,0,0
BRDA:1229,153,1,0
BRDA:1231,154,0,0
BRDA:1231,154,1,0
BRDA:1231,155,0,0
BRDA:1231,155,1,0
BRDA:1252,156,0,0
BRDA:1252,156,1,0
BRDA:1266,157,0,0
BRDA:1266,157,1,0
BRDA:1266,158,0,0
BRDA:1266,158,1,0
BRDA:1270,159,0,0
BRDA:1270,159,1,0
BRDA:1285,160,0,0
BRDA:1285,160,1,0
BRDA:1292,161,0,0
BRDA:1292,161,1,0
BRDA:1293,162,0,0
BRDA:1293,162,1,0
BRDA:1301,163,0,0
BRDA:1301,163,1,0
BRDA:1307,164,0,0
BRDA:1307,164,1,0
BRDA:1320,165,0,0
BRDA:1320,165,1,0
BRDA:1322,166,0,0
BRDA:1322,166,1,0
BRDA:1331,167,0,0
BRDA:1331,167,1,0
BRDA:1333,168,0,0
BRDA:1333,168,1,0
BRDA:1367,169,0,0
BRDA:1367,169,1,0
BRDA:1368,170,0,0
BRDA:1368,170,1,0
BRDA:1368,171,0,0
BRDA:1368,171,1,0
BRDA:1369,172,0,0
BRDA:1369,172,1,0
BRDA:1371,173,0,0
BRDA:1371,173,1,0
BRDA:1373,174,0,0
BRDA:1373,174,1,0
BRDA:1374,175,0,0
BRDA:1374,175,1,0
BRDA:1374,175,2,0
BRDA:1388,176,0,0
BRDA:1388,176,1,0
BRDA:1388,176,2,0
BRDA:1389,177,0,0
BRDA:1389,177,1,0
BRDA:1394,178,0,0
BRDA:1394,178,1,0
BRDA:1397,179,0,0
BRDA:1397,179,1,0
BRDA:1418,180,0,0
BRDA:1418,180,1,0
BRDA:1418,181,0,0
BRDA:1418,181,1,0
BRDA:1435,182,0,0
BRDA:1435,182,1,0
BRDA:1440,183,0,0
BRDA:1440,183,1,0
BRDA:1453,184,0,0
BRDA:1453,184,1,0
BRDA:1527,185,0,0
BRDA:1527,185,1,0
BRDA:1527,186,0,0
BRDA:1527,186,1,0
BRDA:1552,187,0,0
BRDA:1552,187,1,0
BRDA:1558,188,0,0
BRDA:1558,188,1,0
BRDA:1560,189,0,0
BRDA:1560,189,1,0
BRDA:1562,190,0,0
BRDA:1562,190,1,0
BRDA:1562,190,2,0
BRDA:1563,191,0,0
BRDA:1563,191,1,0
BRDA:1565,192,0,0
BRDA:1565,192,1,0
BRDA:1565,192,2,0
BRDA:1566,193,0,0
BRDA:1566,193,1,0
BRDA:1567,194,0,0
BRDA:1567,194,1,0
BRDA:1567,194,2,0
BRDA:1571,195,0,0
BRDA:1571,195,1,0
BRDA:1588,196,0,0
BRDA:1588,196,1,0
BRDA:1588,196,2,0
BRDA:1626,197,0,0
BRDA:1626,197,1,0
BRDA:1626,198,0,0
BRDA:1626,198,1,0
BRDA:1651,199,0,0
BRDA:1651,199,1,0
BRDA:1657,200,0,0
BRDA:1657,200,1,0
BRDA:1659,201,0,0
BRDA:1659,201,1,0
BRDA:1661,202,0,0
BRDA:1661,202,1,0
BRDA:1661,202,2,0
BRDA:1662,203,0,0
BRDA:1662,203,1,0
BRDA:1664,204,0,0
BRDA:1664,204,1,0
BRDA:1664,204,2,0
BRDA:1665,205,0,0
BRDA:1665,205,1,0
BRDA:1666,206,0,0
BRDA:1666,206,1,0
BRDA:1666,206,2,0
BRDA:1670,207,0,0
BRDA:1670,207,1,0
BRDA:1686,208,0,0
BRDA:1686,208,1,0
BRDA:1686,208,2,0
BRF:437
BRH:0
end_of_record
TN:
SF:src\controllers\communeController.js
FN:4,(anonymous_0)
FN:5,(anonymous_1)
FN:7,(anonymous_2)
FN:28,(anonymous_3)
FN:36,(anonymous_4)
FN:44,(anonymous_5)
FN:103,(anonymous_6)
FN:141,(anonymous_7)
FN:177,(anonymous_8)
FN:209,(anonymous_9)
FN:243,(anonymous_10)
FN:284,(anonymous_11)
FN:332,(anonymous_12)
FN:353,(anonymous_13)
FN:481,(anonymous_14)
FN:502,(anonymous_15)
FNF:16
FNH:0
FNDA:0,(anonymous_0)
FNDA:0,(anonymous_1)
FNDA:0,(anonymous_2)
FNDA:0,(anonymous_3)
FNDA:0,(anonymous_4)
FNDA:0,(anonymous_5)
FNDA:0,(anonymous_6)
FNDA:0,(anonymous_7)
FNDA:0,(anonymous_8)
FNDA:0,(anonymous_9)
FNDA:0,(anonymous_10)
FNDA:0,(anonymous_11)
FNDA:0,(anonymous_12)
FNDA:0,(anonymous_13)
FNDA:0,(anonymous_14)
FNDA:0,(anonymous_15)
DA:1,0
DA:2,0
DA:4,0
DA:5,0
DA:7,0
DA:8,0
DA:18,0
DA:19,0
DA:20,0
DA:21,0
DA:24,0
DA:28,0
DA:30,0
DA:36,0
DA:38,0
DA:44,0
DA:46,0
DA:57,0
DA:67,0
DA:73,0
DA:74,0
DA:75,0
DA:77,0
DA:78,0
DA:80,0
DA:84,0
DA:85,0
DA:86,0
DA:91,0
DA:92,0
DA:97,0
DA:103,0
DA:105,0
DA:106,0
DA:107,0
DA:112,0
DA:113,0
DA:121,0
DA:122,0
DA:127,0
DA:141,0
DA:143,0
DA:149,0
DA:177,0
DA:209,0
DA:210,0
DA:211,0
DA:214,0
DA:216,0
DA:217,0
DA:218,0
DA:220,0
DA:221,0
DA:223,0
DA:224,0
DA:225,0
DA:228,0
DA:237,0
DA:239,0
DA:243,0
DA:244,0
DA:245,0
DA:247,0
DA:248,0
DA:249,0
DA:250,0
DA:253,0
DA:254,0
DA:258,0
DA:259,0
DA:263,0
DA:264,0
DA:268,0
DA:278,0
DA:280,0
DA:284,0
DA:285,0
DA:286,0
DA:287,0
DA:289,0
DA:294,0
DA:295,0
DA:298,0
DA:299,0
DA:300,0
DA:302,0
DA:303,0
DA:306,0
DA:307,0
DA:308,0
DA:310,0
DA:311,0
DA:314,0
DA:315,0
DA:318,0
DA:326,0
DA:328,0
DA:332,0
DA:333,0
DA:334,0
DA:336,0
DA:341,0
DA:342,0
DA:345,0
DA:346,0
DA:347,0
DA:349,0
DA:350,0
DA:353,0
DA:354,0
DA:361,0
DA:363,0
DA:364,0
DA:368,0
DA:371,0
DA:374,0
DA:377,0
DA:380,0
DA:384,0
DA:389,0
DA:390,0
DA:391,0
DA:393,0
DA:394,0
DA:396,0
DA:397,0
DA:400,0
DA:401,0
DA:404,0
DA:405,0
DA:406,0
DA:407,0
DA:409,0
DA:410,0
DA:414,0
DA:415,0
DA:420,0
DA:421,0
DA:426,0
DA:427,0
DA:433,0
DA:434,0
DA:439,0
DA:440,0
DA:441,0
DA:442,0
DA:444,0
DA:445,0
DA:447,0
DA:448,0
DA:454,0
DA:455,0
DA:458,0
DA:463,0
DA:464,0
DA:467,0
DA:472,0
DA:475,0
DA:477,0
DA:481,0
DA:482,0
DA:483,0
DA:485,0
DA:490,0
DA:491,0
DA:494,0
DA:495,0
DA:496,0
DA:498,0
DA:499,0
DA:502,0
DA:503,0
DA:506,0
DA:508,0
DA:509,0
DA:511,0
DA:515,0
LF:177
LH:0
BRDA:18,0,0,0
BRDA:18,0,1,0
BRDA:30,1,0,0
BRDA:30,1,1,0
BRDA:38,2,0,0
BRDA:38,2,1,0
BRDA:57,3,0,0
BRDA:57,3,1,0
BRDA:67,4,0,0
BRDA:67,4,1,0
BRDA:74,5,0,0
BRDA:74,5,1,0
BRDA:77,6,0,0
BRDA:77,6,1,0
BRDA:80,7,0,0
BRDA:80,7,1,0
BRDA:85,8,0,0
BRDA:85,8,1,0
BRDA:91,9,0,0
BRDA:91,9,1,0
BRDA:97,10,0,0
BRDA:97,10,1,0
BRDA:106,11,0,0
BRDA:106,11,1,0
BRDA:112,12,0,0
BRDA:112,12,1,0
BRDA:121,13,0,0
BRDA:121,13,1,0
BRDA:127,14,0,0
BRDA:127,14,1,0
BRDA:143,15,0,0
BRDA:143,15,1,0
BRDA:214,16,0,0
BRDA:214,16,1,0
BRDA:216,17,0,0
BRDA:216,17,1,0
BRDA:217,18,0,0
BRDA:217,18,1,0
BRDA:221,19,0,0
BRDA:221,19,1,0
BRDA:221,20,0,0
BRDA:221,20,1,0
BRDA:224,21,0,0
BRDA:224,21,1,0
BRDA:224,22,0,0
BRDA:224,22,1,0
BRDA:247,23,0,0
BRDA:247,23,1,0
BRDA:249,24,0,0
BRDA:249,24,1,0
BRDA:249,25,0,0
BRDA:249,25,1,0
BRDA:253,26,0,0
BRDA:253,26,1,0
BRDA:253,27,0,0
BRDA:253,27,1,0
BRDA:258,28,0,0
BRDA:258,28,1,0
BRDA:263,29,0,0
BRDA:263,29,1,0
BRDA:287,30,0,0
BRDA:287,30,1,0
BRDA:294,31,0,0
BRDA:294,31,1,0
BRDA:298,32,0,0
BRDA:298,32,1,0
BRDA:299,33,0,0
BRDA:299,33,1,0
BRDA:299,34,0,0
BRDA:299,34,1,0
BRDA:302,35,0,0
BRDA:302,35,1,0
BRDA:307,36,0,0
BRDA:307,36,1,0
BRDA:307,37,0,0
BRDA:307,37,1,0
BRDA:310,38,0,0
BRDA:310,38,1,0
BRDA:310,39,0,0
BRDA:310,39,1,0
BRDA:314,40,0,0
BRDA:314,40,1,0
BRDA:341,41,0,0
BRDA:341,41,1,0
BRDA:345,42,0,0
BRDA:345,42,1,0
BRDA:346,43,0,0
BRDA:346,43,1,0
BRDA:346,44,0,0
BRDA:346,44,1,0
BRDA:349,45,0,0
BRDA:349,45,1,0
BRDA:363,46,0,0
BRDA:363,46,1,0
BRDA:390,47,0,0
BRDA:390,47,1,0
BRDA:393,48,0,0
BRDA:393,48,1,0
BRDA:396,49,0,0
BRDA:396,49,1,0
BRDA:400,50,0,0
BRDA:400,50,1,0
BRDA:404,51,0,0
BRDA:404,51,1,0
BRDA:404,52,0,0
BRDA:404,52,1,0
BRDA:406,53,0,0
BRDA:406,53,1,0
BRDA:409,54,0,0
BRDA:409,54,1,0
BRDA:414,55,0,0
BRDA:414,55,1,0
BRDA:420,56,0,0
BRDA:420,56,1,0
BRDA:426,57,0,0
BRDA:426,57,1,0
BRDA:433,58,0,0
BRDA:433,58,1,0
BRDA:439,59,0,0
BRDA:439,59,1,0
BRDA:439,60,0,0
BRDA:439,60,1,0
BRDA:441,61,0,0
BRDA:441,61,1,0
BRDA:444,62,0,0
BRDA:444,62,1,0
BRDA:447,63,0,0
BRDA:447,63,1,0
BRDA:454,64,0,0
BRDA:454,64,1,0
BRDA:463,65,0,0
BRDA:463,65,1,0
BRDA:490,66,0,0
BRDA:490,66,1,0
BRDA:494,67,0,0
BRDA:494,67,1,0
BRDA:495,68,0,0
BRDA:495,68,1,0
BRDA:495,69,0,0
BRDA:495,69,1,0
BRDA:498,70,0,0
BRDA:498,70,1,0
BRDA:508,71,0,0
BRDA:508,71,1,0
BRF:144
BRH:0
end_of_record
TN:
SF:src\controllers\dashboardController.js
FN:8,(anonymous_0)
FN:14,(anonymous_1)
FN:20,(anonymous_2)
FN:26,(anonymous_3)
FN:32,(anonymous_4)
FN:63,(anonymous_5)
FN:65,(anonymous_6)
FN:69,(anonymous_7)
FN:71,(anonymous_8)
FN:83,(anonymous_9)
FN:84,(anonymous_10)
FN:88,(anonymous_11)
FN:98,(anonymous_12)
FN:104,(anonymous_13)
FN:129,(anonymous_14)
FN:134,(anonymous_15)
FN:259,(anonymous_16)
FN:279,(anonymous_17)
FN:442,(anonymous_18)
FN:447,(anonymous_19)
FN:473,(anonymous_20)
FN:475,(anonymous_21)
FN:493,(anonymous_22)
FN:496,(anonymous_23)
FN:503,(anonymous_24)
FN:512,(anonymous_25)
FN:535,(anonymous_26)
FN:628,(anonymous_27)
FN:638,(anonymous_28)
FN:641,(anonymous_29)
FN:660,(anonymous_30)
FN:661,(anonymous_31)
FN:684,(anonymous_32)
FN:781,(anonymous_33)
FN:791,(anonymous_34)
FN:794,(anonymous_35)
FN:809,(anonymous_36)
FN:810,(anonymous_37)
FN:824,(anonymous_38)
FN:826,(anonymous_39)
FN:830,(anonymous_40)
FN:839,(anonymous_41)
FN:841,(anonymous_42)
FN:847,(anonymous_43)
FNF:44
FNH:0
FNDA:0,(anonymous_0)
FNDA:0,(anonymous_1)
FNDA:0,(anonymous_2)
FNDA:0,(anonymous_3)
FNDA:0,(anonymous_4)
FNDA:0,(anonymous_5)
FNDA:0,(anonymous_6)
FNDA:0,(anonymous_7)
FNDA:0,(anonymous_8)
FNDA:0,(anonymous_9)
FNDA:0,(anonymous_10)
FNDA:0,(anonymous_11)
FNDA:0,(anonymous_12)
FNDA:0,(anonymous_13)
FNDA:0,(anonymous_14)
FNDA:0,(anonymous_15)
FNDA:0,(anonymous_16)
FNDA:0,(anonymous_17)
FNDA:0,(anonymous_18)
FNDA:0,(anonymous_19)
FNDA:0,(anonymous_20)
FNDA:0,(anonymous_21)
FNDA:0,(anonymous_22)
FNDA:0,(anonymous_23)
FNDA:0,(anonymous_24)
FNDA:0,(anonymous_25)
FNDA:0,(anonymous_26)
FNDA:0,(anonymous_27)
FNDA:0,(anonymous_28)
FNDA:0,(anonymous_29)
FNDA:0,(anonymous_30)
FNDA:0,(anonymous_31)
FNDA:0,(anonymous_32)
FNDA:0,(anonymous_33)
FNDA:0,(anonymous_34)
FNDA:0,(anonymous_35)
FNDA:0,(anonymous_36)
FNDA:0,(anonymous_37)
FNDA:0,(anonymous_38)
FNDA:0,(anonymous_39)
FNDA:0,(anonymous_40)
FNDA:0,(anonymous_41)
FNDA:0,(anonymous_42)
FNDA:0,(anonymous_43)
DA:1,0
DA:3,0
DA:4,0
DA:5,0
DA:6,0
DA:8,0
DA:9,0
DA:10,0
DA:11,0
DA:14,0
DA:15,0
DA:16,0
DA:17,0
DA:20,0
DA:21,0
DA:22,0
DA:23,0
DA:26,0
DA:28,0
DA:29,0
DA:32,0
DA:33,0
DA:34,0
DA:37,0
DA:39,0
DA:40,0
DA:41,0
DA:42,0
DA:45,0
DA:47,0
DA:48,0
DA:49,0
DA:50,0
DA:51,0
DA:53,0
DA:54,0
DA:60,0
DA:63,0
DA:64,0
DA:65,0
DA:69,0
DA:71,0
DA:72,0
DA:74,0
DA:76,0
DA:78,0
DA:79,0
DA:82,0
DA:83,0
DA:84,0
DA:88,0
DA:98,0
DA:104,0
DA:105,0
DA:106,0
DA:109,0
DA:111,0
DA:112,0
DA:113,0
DA:114,0
DA:115,0
DA:116,0
DA:123,0
DA:129,0
DA:130,0
DA:131,0
DA:134,0
DA:135,0
DA:136,0
DA:139,0
DA:140,0
DA:143,0
DA:144,0
DA:145,0
DA:146,0
DA:147,0
DA:148,0
DA:149,0
DA:161,0
DA:162,0
DA:163,0
DA:168,0
DA:169,0
DA:176,0
DA:177,0
DA:190,0
DA:191,0
DA:192,0
DA:193,0
DA:201,0
DA:258,0
DA:259,0
DA:263,0
DA:264,0
DA:265,0
DA:267,0
DA:275,0
DA:279,0
DA:280,0
DA:281,0
DA:284,0
DA:285,0
DA:290,0
DA:291,0
DA:292,0
DA:293,0
DA:294,0
DA:295,0
DA:298,0
DA:299,0
DA:300,0
DA:301,0
DA:317,0
DA:442,0
DA:447,0
DA:453,0
DA:454,0
DA:455,0
DA:456,0
DA:459,0
DA:460,0
DA:461,0
DA:462,0
DA:463,0
DA:470,0
DA:472,0
DA:473,0
DA:475,0
DA:477,0
DA:492,0
DA:493,0
DA:495,0
DA:496,0
DA:503,0
DA:510,0
DA:512,0
DA:517,0
DA:531,0
DA:535,0
DA:536,0
DA:537,0
DA:540,0
DA:541,0
DA:546,0
DA:547,0
DA:548,0
DA:550,0
DA:551,0
DA:552,0
DA:553,0
DA:562,0
DA:626,0
DA:627,0
DA:628,0
DA:631,0
DA:637,0
DA:638,0
DA:641,0
DA:647,0
DA:649,0
DA:650,0
DA:652,0
DA:653,0
DA:659,0
DA:660,0
DA:661,0
DA:665,0
DA:669,0
DA:680,0
DA:684,0
DA:685,0
DA:686,0
DA:691,0
DA:692,0
DA:697,0
DA:698,0
DA:699,0
DA:700,0
DA:710,0
DA:779,0
DA:780,0
DA:781,0
DA:784,0
DA:790,0
DA:791,0
DA:794,0
DA:799,0
DA:800,0
DA:801,0
DA:802,0
DA:808,0
DA:809,0
DA:810,0
DA:813,0
DA:814,0
DA:815,0
DA:816,0
DA:817,0
DA:819,0
DA:820,0
DA:821,0
DA:824,0
DA:825,0
DA:826,0
DA:830,0
DA:831,0
DA:838,0
DA:839,0
DA:841,0
DA:842,0
DA:843,0
DA:845,0
DA:847,0
DA:850,0
DA:854,0
DA:865,0
DA:869,0
LF:217
LH:0
BRDA:42,0,0,0
BRDA:42,0,1,0
BRDA:56,1,0,0
BRDA:56,1,1,0
BRDA:78,2,0,0
BRDA:78,2,1,0
BRDA:79,3,0,0
BRDA:79,3,1,0
BRDA:124,4,0,0
BRDA:124,4,1,0
BRDA:135,5,0,0
BRDA:135,5,1,0
BRDA:135,6,0,0
BRDA:135,6,1,0
BRDA:144,7,0,0
BRDA:144,7,1,0
BRDA:146,8,0,0
BRDA:146,8,1,0
BRDA:148,9,0,0
BRDA:148,9,1,0
BRDA:162,10,0,0
BRDA:162,10,1,0
BRDA:168,11,0,0
BRDA:168,11,1,0
BRDA:176,12,0,0
BRDA:176,12,1,0
BRDA:259,13,0,0
BRDA:259,13,1,0
BRDA:259,14,0,0
BRDA:259,14,1,0
BRDA:280,15,0,0
BRDA:280,15,1,0
BRDA:284,16,0,0
BRDA:284,16,1,0
BRDA:443,17,0,0
BRDA:443,17,1,0
BRDA:444,18,0,0
BRDA:444,18,1,0
BRDA:448,19,0,0
BRDA:448,19,1,0
BRDA:456,20,0,0
BRDA:456,20,1,0
BRDA:465,21,0,0
BRDA:465,21,1,0
BRDA:478,22,0,0
BRDA:478,22,1,0
BRDA:484,23,0,0
BRDA:484,23,1,0
BRDA:498,24,0,0
BRDA:498,24,1,0
BRDA:498,25,0,0
BRDA:498,25,1,0
BRDA:498,26,0,0
BRDA:498,26,1,0
BRDA:504,27,0,0
BRDA:504,27,1,0
BRDA:506,28,0,0
BRDA:506,28,1,0
BRDA:513,29,0,0
BRDA:513,29,1,0
BRDA:514,30,0,0
BRDA:514,30,1,0
BRDA:536,31,0,0
BRDA:536,31,1,0
BRDA:540,32,0,0
BRDA:540,32,1,0
BRDA:626,33,0,0
BRDA:626,33,1,0
BRDA:631,34,0,0
BRDA:631,34,1,0
BRDA:642,35,0,0
BRDA:642,35,1,0
BRDA:643,36,0,0
BRDA:643,36,1,0
BRDA:652,37,0,0
BRDA:652,37,1,0
BRDA:655,38,0,0
BRDA:655,38,1,0
BRDA:665,39,0,0
BRDA:665,39,1,0
BRDA:670,40,0,0
BRDA:670,40,1,0
BRDA:685,41,0,0
BRDA:685,41,1,0
BRDA:691,42,0,0
BRDA:691,42,1,0
BRDA:779,43,0,0
BRDA:779,43,1,0
BRDA:784,44,0,0
BRDA:784,44,1,0
BRDA:795,45,0,0
BRDA:795,45,1,0
BRDA:796,46,0,0
BRDA:796,46,1,0
BRDA:801,47,0,0
BRDA:801,47,1,0
BRDA:804,48,0,0
BRDA:804,48,1,0
BRDA:813,49,0,0
BRDA:813,49,1,0
BRDA:817,50,0,0
BRDA:817,50,1,0
BRDA:819,51,0,0
BRDA:819,51,1,0
BRDA:820,52,0,0
BRDA:820,52,1,0
BRDA:825,53,0,0
BRDA:825,53,1,0
BRDA:828,54,0,0
BRDA:828,54,1,0
BRDA:842,55,0,0
BRDA:842,55,1,0
BRDA:850,56,0,0
BRDA:850,56,1,0
BRDA:855,57,0,0
BRDA:855,57,1,0
BRF:116
BRH:0
end_of_record
TN:
SF:src\controllers\districtController.js
FN:4,(anonymous_0)
FN:17,(anonymous_1)
FN:38,(anonymous_2)
FN:57,(anonymous_3)
FN:83,(anonymous_4)
FN:92,(anonymous_5)
FN:182,(anonymous_6)
FN:215,(anonymous_7)
FN:234,(anonymous_8)
FN:264,(anonymous_9)
FN:321,(anonymous_10)
FN:369,(anonymous_11)
FN:413,(anonymous_12)
FN:432,(anonymous_13)
FN:557,(anonymous_14)
FN:576,(anonymous_15)
FNF:16
FNH:0
FNDA:0,(anonymous_0)
FNDA:0,(anonymous_1)
FNDA:0,(anonymous_2)
FNDA:0,(anonymous_3)
FNDA:0,(anonymous_4)
FNDA:0,(anonymous_5)
FNDA:0,(anonymous_6)
FNDA:0,(anonymous_7)
FNDA:0,(anonymous_8)
FNDA:0,(anonymous_9)
FNDA:0,(anonymous_10)
FNDA:0,(anonymous_11)
FNDA:0,(anonymous_12)
FNDA:0,(anonymous_13)
FNDA:0,(anonymous_14)
FNDA:0,(anonymous_15)
DA:1,0
DA:2,0
DA:4,0
DA:5,0
DA:6,0
DA:7,0
DA:8,0
DA:10,0
DA:11,0
DA:12,0
DA:13,0
DA:17,0
DA:18,0
DA:23,0
DA:24,0
DA:25,0
DA:26,0
DA:29,0
DA:30,0
DA:31,0
DA:32,0
DA:35,0
DA:38,0
DA:39,0
DA:44,0
DA:45,0
DA:46,0
DA:47,0
DA:50,0
DA:51,0
DA:52,0
DA:53,0
DA:57,0
DA:58,0
DA:73,0
DA:74,0
DA:75,0
DA:76,0
DA:79,0
DA:83,0
DA:86,0
DA:92,0
DA:94,0
DA:112,0
DA:146,0
DA:152,0
DA:153,0
DA:154,0
DA:156,0
DA:157,0
DA:161,0
DA:165,0
DA:168,0
DA:169,0
DA:176,0
DA:182,0
DA:184,0
DA:188,0
DA:189,0
DA:194,0
DA:195,0
DA:201,0
DA:215,0
DA:217,0
DA:234,0
DA:264,0
DA:265,0
DA:266,0
DA:269,0
DA:270,0
DA:272,0
DA:273,0
DA:274,0
DA:276,0
DA:281,0
DA:283,0
DA:286,0
DA:288,0
DA:293,0
DA:294,0
DA:298,0
DA:312,0
DA:317,0
DA:321,0
DA:322,0
DA:324,0
DA:325,0
DA:328,0
DA:330,0
DA:331,0
DA:335,0
DA:336,0
DA:340,0
DA:341,0
DA:344,0
DA:347,0
DA:363,0
DA:365,0
DA:369,0
DA:370,0
DA:371,0
DA:373,0
DA:374,0
DA:376,0
DA:378,0
DA:380,0
DA:381,0
DA:384,0
DA:385,0
DA:386,0
DA:389,0
DA:390,0
DA:393,0
DA:407,0
DA:409,0
DA:413,0
DA:414,0
DA:415,0
DA:418,0
DA:419,0
DA:420,0
DA:423,0
DA:427,0
DA:428,0
DA:432,0
DA:433,0
DA:439,0
DA:441,0
DA:442,0
DA:446,0
DA:449,0
DA:452,0
DA:455,0
DA:458,0
DA:463,0
DA:464,0
DA:465,0
DA:467,0
DA:468,0
DA:470,0
DA:471,0
DA:474,0
DA:475,0
DA:480,0
DA:481,0
DA:482,0
DA:483,0
DA:485,0
DA:486,0
DA:490,0
DA:491,0
DA:496,0
DA:497,0
DA:502,0
DA:503,0
DA:509,0
DA:510,0
DA:511,0
DA:517,0
DA:521,0
DA:522,0
DA:527,0
DA:531,0
DA:542,0
DA:543,0
DA:548,0
DA:551,0
DA:553,0
DA:557,0
DA:558,0
DA:559,0
DA:562,0
DA:563,0
DA:564,0
DA:567,0
DA:571,0
DA:572,0
DA:576,0
DA:577,0
DA:580,0
DA:582,0
DA:583,0
DA:585,0
DA:589,0
LF:184
LH:0
BRDA:5,0,0,0
BRDA:5,0,1,0
BRDA:10,1,0,0
BRDA:10,1,1,0
BRDA:23,2,0,0
BRDA:23,2,1,0
BRDA:29,3,0,0
BRDA:29,3,1,0
BRDA:29,4,0,0
BRDA:29,4,1,0
BRDA:44,5,0,0
BRDA:44,5,1,0
BRDA:50,6,0,0
BRDA:50,6,1,0
BRDA:73,7,0,0
BRDA:73,7,1,0
BRDA:86,8,0,0
BRDA:86,8,1,0
BRDA:98,9,0,0
BRDA:98,9,1,0
BRDA:114,10,0,0
BRDA:114,10,1,0
BRDA:120,11,0,0
BRDA:120,11,1,0
BRDA:126,12,0,0
BRDA:126,12,1,0
BRDA:132,13,0,0
BRDA:132,13,1,0
BRDA:138,14,0,0
BRDA:138,14,1,0
BRDA:146,15,0,0
BRDA:146,15,1,0
BRDA:153,16,0,0
BRDA:153,16,1,0
BRDA:156,17,0,0
BRDA:156,17,1,0
BRDA:161,18,0,0
BRDA:161,18,1,0
BRDA:168,19,0,0
BRDA:168,19,1,0
BRDA:176,20,0,0
BRDA:176,20,1,0
BRDA:188,21,0,0
BRDA:188,21,1,0
BRDA:194,22,0,0
BRDA:194,22,1,0
BRDA:201,23,0,0
BRDA:201,23,1,0
BRDA:269,24,0,0
BRDA:269,24,1,0
BRDA:270,25,0,0
BRDA:270,25,1,0
BRDA:272,26,0,0
BRDA:272,26,1,0
BRDA:273,27,0,0
BRDA:273,27,1,0
BRDA:281,28,0,0
BRDA:281,28,1,0
BRDA:281,29,0,0
BRDA:281,29,1,0
BRDA:286,30,0,0
BRDA:286,30,1,0
BRDA:286,31,0,0
BRDA:286,31,1,0
BRDA:293,32,0,0
BRDA:293,32,1,0
BRDA:324,33,0,0
BRDA:324,33,1,0
BRDA:328,34,0,0
BRDA:328,34,1,0
BRDA:330,35,0,0
BRDA:330,35,1,0
BRDA:330,36,0,0
BRDA:330,36,1,0
BRDA:335,37,0,0
BRDA:335,37,1,0
BRDA:340,38,0,0
BRDA:340,38,1,0
BRDA:374,39,0,0
BRDA:374,39,1,0
BRDA:380,40,0,0
BRDA:380,40,1,0
BRDA:380,41,0,0
BRDA:380,41,1,0
BRDA:384,42,0,0
BRDA:384,42,1,0
BRDA:384,43,0,0
BRDA:384,43,1,0
BRDA:389,44,0,0
BRDA:389,44,1,0
BRDA:418,45,0,0
BRDA:418,45,1,0
BRDA:427,46,0,0
BRDA:427,46,1,0
BRDA:441,47,0,0
BRDA:441,47,1,0
BRDA:464,48,0,0
BRDA:464,48,1,0
BRDA:467,49,0,0
BRDA:467,49,1,0
BRDA:470,50,0,0
BRDA:470,50,1,0
BRDA:474,51,0,0
BRDA:474,51,1,0
BRDA:480,52,0,0
BRDA:480,52,1,0
BRDA:480,53,0,0
BRDA:480,53,1,0
BRDA:482,54,0,0
BRDA:482,54,1,0
BRDA:485,55,0,0
BRDA:485,55,1,0
BRDA:490,56,0,0
BRDA:490,56,1,0
BRDA:496,57,0,0
BRDA:496,57,1,0
BRDA:502,58,0,0
BRDA:502,58,1,0
BRDA:510,59,0,0
BRDA:510,59,1,0
BRDA:521,60,0,0
BRDA:521,60,1,0
BRDA:535,61,0,0
BRDA:535,61,1,0
BRDA:542,62,0,0
BRDA:542,62,1,0
BRDA:562,63,0,0
BRDA:562,63,1,0
BRDA:571,64,0,0
BRDA:571,64,1,0
BRDA:582,65,0,0
BRDA:582,65,1,0
BRF:132
BRH:0
end_of_record
TN:
SF:src\controllers\eventLogController.js
FN:6,(anonymous_0)
FN:107,(anonymous_1)
FN:149,(anonymous_2)
FN:174,(anonymous_3)
FN:204,(anonymous_4)
FNF:5
FNH:0
FNDA:0,(anonymous_0)
FNDA:0,(anonymous_1)
FNDA:0,(anonymous_2)
FNDA:0,(anonymous_3)
FNDA:0,(anonymous_4)
DA:1,0
DA:6,0
DA:7,0
DA:9,0
DA:10,0
DA:25,0
DA:27,0
DA:28,0
DA:29,0
DA:32,0
DA:34,0
DA:35,0
DA:38,0
DA:39,0
DA:42,0
DA:43,0
DA:46,0
DA:47,0
DA:50,0
DA:51,0
DA:55,0
DA:57,0
DA:58,0
DA:59,0
DA:60,0
DA:61,0
DA:67,0
DA:68,0
DA:69,0
DA:70,0
DA:71,0
DA:72,0
DA:74,0
DA:75,0
DA:76,0
DA:77,0
DA:83,0
DA:107,0
DA:132,0
DA:142,0
DA:149,0
DA:150,0
DA:152,0
DA:153,0
DA:156,0
DA:158,0
DA:162,0
DA:164,0
DA:165,0
DA:167,0
DA:174,0
DA:175,0
DA:177,0
DA:178,0
DA:181,0
DA:183,0
DA:184,0
DA:187,0
DA:195,0
DA:197,0
DA:204,0
DA:205,0
DA:207,0
DA:208,0
DA:211,0
DA:218,0
DA:220,0
DA:224,0
LF:68
LH:0
BRDA:9,0,0,0
BRDA:9,0,1,0
BRDA:22,1,0,0
BRDA:23,2,0,0
BRDA:24,3,0,0
BRDA:34,4,0,0
BRDA:34,4,1,0
BRDA:38,5,0,0
BRDA:38,5,1,0
BRDA:42,6,0,0
BRDA:42,6,1,0
BRDA:46,7,0,0
BRDA:46,7,1,0
BRDA:50,8,0,0
BRDA:50,8,1,0
BRDA:55,9,0,0
BRDA:55,9,1,0
BRDA:67,10,0,0
BRDA:67,10,1,0
BRDA:67,11,0,0
BRDA:67,11,1,0
BRDA:69,12,0,0
BRDA:69,12,1,0
BRDA:74,13,0,0
BRDA:74,13,1,0
BRDA:98,14,0,0
BRDA:98,14,1,0
BRDA:112,15,0,0
BRDA:112,15,1,0
BRDA:119,16,0,0
BRDA:119,16,1,0
BRDA:120,17,0,0
BRDA:120,17,1,0
BRDA:121,18,0,0
BRDA:121,18,1,0
BRDA:122,19,0,0
BRDA:122,19,1,0
BRDA:152,20,0,0
BRDA:152,20,1,0
BRDA:164,21,0,0
BRDA:164,21,1,0
BRDA:177,22,0,0
BRDA:177,22,1,0
BRDA:183,23,0,0
BRDA:183,23,1,0
BRDA:183,24,0,0
BRDA:183,24,1,0
BRDA:207,25,0,0
BRDA:207,25,1,0
BRF:49
BRH:0
end_of_record
TN:
SF:src\controllers\healthCenterController.js
FN:4,(anonymous_0)
FN:17,(anonymous_1)
FN:30,(anonymous_2)
FN:82,(anonymous_3)
FN:138,(anonymous_4)
FN:198,(anonymous_5)
FN:226,(anonymous_6)
FN:317,(anonymous_7)
FN:343,(anonymous_8)
FN:402,(anonymous_9)
FN:429,(anonymous_10)
FN:446,(anonymous_11)
FN:470,(anonymous_12)
FN:485,(anonymous_13)
FNF:14
FNH:0
FNDA:0,(anonymous_0)
FNDA:0,(anonymous_1)
FNDA:0,(anonymous_2)
FNDA:0,(anonymous_3)
FNDA:0,(anonymous_4)
FNDA:0,(anonymous_5)
FNDA:0,(anonymous_6)
FNDA:0,(anonymous_7)
FNDA:0,(anonymous_8)
FNDA:0,(anonymous_9)
FNDA:0,(anonymous_10)
FNDA:0,(anonymous_11)
FNDA:0,(anonymous_12)
FNDA:0,(anonymous_13)
DA:1,0
DA:2,0
DA:4,0
DA:5,0
DA:6,0
DA:7,0
DA:8,0
DA:10,0
DA:11,0
DA:12,0
DA:13,0
DA:17,0
DA:18,0
DA:19,0
DA:22,0
DA:27,0
DA:30,0
DA:31,0
DA:32,0
DA:35,0
DA:37,0
DA:38,0
DA:39,0
DA:41,0
DA:42,0
DA:44,0
DA:45,0
DA:46,0
DA:47,0
DA:48,0
DA:50,0
DA:51,0
DA:52,0
DA:56,0
DA:76,0
DA:78,0
DA:82,0
DA:83,0
DA:84,0
DA:87,0
DA:88,0
DA:89,0
DA:90,0
DA:92,0
DA:93,0
DA:95,0
DA:99,0
DA:101,0
DA:102,0
DA:105,0
DA:106,0
DA:109,0
DA:132,0
DA:134,0
DA:138,0
DA:139,0
DA:140,0
DA:141,0
DA:143,0
DA:144,0
DA:146,0
DA:149,0
DA:150,0
DA:152,0
DA:156,0
DA:157,0
DA:160,0
DA:161,0
DA:162,0
DA:164,0
DA:165,0
DA:168,0
DA:169,0
DA:172,0
DA:192,0
DA:194,0
DA:198,0
DA:199,0
DA:200,0
DA:203,0
DA:204,0
DA:205,0
DA:207,0
DA:208,0
DA:210,0
DA:213,0
DA:215,0
DA:216,0
DA:220,0
DA:221,0
DA:222,0
DA:226,0
DA:227,0
DA:228,0
DA:230,0
DA:231,0
DA:235,0
DA:238,0
DA:241,0
DA:244,0
DA:247,0
DA:252,0
DA:253,0
DA:254,0
DA:256,0
DA:258,0
DA:259,0
DA:264,0
DA:265,0
DA:266,0
DA:267,0
DA:269,0
DA:270,0
DA:274,0
DA:275,0
DA:280,0
DA:281,0
DA:286,0
DA:287,0
DA:293,0
DA:300,0
DA:304,0
DA:308,0
DA:311,0
DA:313,0
DA:317,0
DA:318,0
DA:333,0
DA:334,0
DA:335,0
DA:336,0
DA:339,0
DA:343,0
DA:345,0
DA:350,0
DA:384,0
DA:391,0
DA:395,0
DA:402,0
DA:404,0
DA:408,0
DA:409,0
DA:415,0
DA:429,0
DA:431,0
DA:446,0
DA:470,0
DA:471,0
DA:473,0
DA:474,0
DA:475,0
DA:477,0
DA:478,0
DA:480,0
DA:484,0
DA:485,0
DA:486,0
DA:490,0
DA:491,0
DA:494,0
DA:496,0
DA:497,0
DA:499,0
DA:503,0
LF:164
LH:0
BRDA:5,0,0,0
BRDA:5,0,1,0
BRDA:10,1,0,0
BRDA:10,1,1,0
BRDA:18,2,0,0
BRDA:18,2,1,0
BRDA:27,3,0,0
BRDA:27,3,1,0
BRDA:35,4,0,0
BRDA:35,4,1,0
BRDA:37,5,0,0
BRDA:37,5,1,0
BRDA:38,6,0,0
BRDA:38,6,1,0
BRDA:42,7,0,0
BRDA:42,7,1,0
BRDA:42,8,0,0
BRDA:42,8,1,0
BRDA:45,9,0,0
BRDA:45,9,1,0
BRDA:47,10,0,0
BRDA:47,10,1,0
BRDA:51,11,0,0
BRDA:51,11,1,0
BRDA:87,12,0,0
BRDA:87,12,1,0
BRDA:92,13,0,0
BRDA:92,13,1,0
BRDA:99,14,0,0
BRDA:99,14,1,0
BRDA:101,15,0,0
BRDA:101,15,1,0
BRDA:101,16,0,0
BRDA:101,16,1,0
BRDA:105,17,0,0
BRDA:105,17,1,0
BRDA:143,18,0,0
BRDA:143,18,1,0
BRDA:150,19,0,0
BRDA:150,19,1,0
BRDA:156,20,0,0
BRDA:156,20,1,0
BRDA:156,21,0,0
BRDA:156,21,1,0
BRDA:157,22,0,0
BRDA:157,22,1,0
BRDA:157,23,0,0
BRDA:157,23,1,0
BRDA:161,24,0,0
BRDA:161,24,1,0
BRDA:161,25,0,0
BRDA:161,25,1,0
BRDA:164,26,0,0
BRDA:164,26,1,0
BRDA:164,27,0,0
BRDA:164,27,1,0
BRDA:168,28,0,0
BRDA:168,28,1,0
BRDA:203,29,0,0
BRDA:203,29,1,0
BRDA:207,30,0,0
BRDA:207,30,1,0
BRDA:215,31,0,0
BRDA:215,31,1,0
BRDA:215,32,0,0
BRDA:215,32,1,0
BRDA:216,33,0,0
BRDA:216,33,1,0
BRDA:216,34,0,0
BRDA:216,34,1,0
BRDA:221,35,0,0
BRDA:221,35,1,0
BRDA:230,36,0,0
BRDA:230,36,1,0
BRDA:253,37,0,0
BRDA:253,37,1,0
BRDA:258,38,0,0
BRDA:258,38,1,0
BRDA:264,39,0,0
BRDA:264,39,1,0
BRDA:264,40,0,0
BRDA:264,40,1,0
BRDA:266,41,0,0
BRDA:266,41,1,0
BRDA:269,42,0,0
BRDA:269,42,1,0
BRDA:274,43,0,0
BRDA:274,43,1,0
BRDA:280,44,0,0
BRDA:280,44,1,0
BRDA:286,45,0,0
BRDA:286,45,1,0
BRDA:333,46,0,0
BRDA:333,46,1,0
BRDA:352,47,0,0
BRDA:352,47,1,0
BRDA:358,48,0,0
BRDA:358,48,1,0
BRDA:364,49,0,0
BRDA:364,49,1,0
BRDA:370,50,0,0
BRDA:370,50,1,0
BRDA:376,51,0,0
BRDA:376,51,1,0
BRDA:384,52,0,0
BRDA:384,52,1,0
BRDA:391,53,0,0
BRDA:391,53,1,0
BRDA:408,54,0,0
BRDA:408,54,1,0
BRDA:415,55,0,0
BRDA:415,55,1,0
BRDA:473,56,0,0
BRDA:473,56,1,0
BRDA:477,57,0,0
BRDA:477,57,1,0
BRDA:490,58,0,0
BRDA:490,58,1,0
BRDA:490,59,0,0
BRDA:490,59,1,0
BRDA:496,60,0,0
BRDA:496,60,1,0
BRF:122
BRH:0
end_of_record
TN:
SF:src\controllers\healthController.js
FN:3,(anonymous_0)
FNF:1
FNH:0
FNDA:0,(anonymous_0)
DA:1,0
DA:3,0
DA:4,0
DA:5,0
DA:6,0
DA:7,0
DA:9,0
DA:13,0
LF:8
LH:0
BRDA:4,0,0,0
BRDA:4,0,1,0
BRF:2
BRH:0
end_of_record
TN:
SF:src\controllers\mobileController.js
FN:14,(anonymous_0)
FN:118,(anonymous_1)
FN:161,(anonymous_2)
FN:190,(anonymous_3)
FN:254,(anonymous_4)
FN:267,(anonymous_5)
FN:303,(anonymous_6)
FN:482,(anonymous_7)
FN:545,(anonymous_8)
FN:625,(anonymous_9)
FN:736,(anonymous_10)
FN:784,(anonymous_11)
FN:874,(anonymous_12)
FN:898,(anonymous_13)
FN:937,(anonymous_14)
FN:966,(anonymous_15)
FN:975,(anonymous_16)
FN:1016,(anonymous_17)
FN:1053,(anonymous_18)
FN:1060,(anonymous_19)
FN:1085,(anonymous_20)
FN:1096,(anonymous_21)
FN:1120,(anonymous_22)
FN:1121,(anonymous_23)
FN:1127,(anonymous_24)
FN:1136,(anonymous_25)
FN:1145,(anonymous_26)
FN:1154,(anonymous_27)
FN:1335,(anonymous_28)
FN:1496,(anonymous_29)
FN:1510,(anonymous_30)
FN:1524,(anonymous_31)
FN:1538,(anonymous_32)
FN:1548,(anonymous_33)
FN:1588,(anonymous_34)
FN:1690,(anonymous_35)
FN:1711,(anonymous_36)
FN:1731,(anonymous_37)
FN:1753,(anonymous_38)
FN:1790,(anonymous_39)
FN:1820,(anonymous_40)
FN:1844,(anonymous_41)
FN:1873,(anonymous_42)
FN:1904,(anonymous_43)
FN:1941,(anonymous_44)
FN:2053,(anonymous_45)
FN:2072,(anonymous_46)
FN:2091,(anonymous_47)
FN:2110,(anonymous_48)
FN:2143,(anonymous_49)
FN:2221,(anonymous_50)
FNF:51
FNH:0
FNDA:0,(anonymous_0)
FNDA:0,(anonymous_1)
FNDA:0,(anonymous_2)
FNDA:0,(anonymous_3)
FNDA:0,(anonymous_4)
FNDA:0,(anonymous_5)
FNDA:0,(anonymous_6)
FNDA:0,(anonymous_7)
FNDA:0,(anonymous_8)
FNDA:0,(anonymous_9)
FNDA:0,(anonymous_10)
FNDA:0,(anonymous_11)
FNDA:0,(anonymous_12)
FNDA:0,(anonymous_13)
FNDA:0,(anonymous_14)
FNDA:0,(anonymous_15)
FNDA:0,(anonymous_16)
FNDA:0,(anonymous_17)
FNDA:0,(anonymous_18)
FNDA:0,(anonymous_19)
FNDA:0,(anonymous_20)
FNDA:0,(anonymous_21)
FNDA:0,(anonymous_22)
FNDA:0,(anonymous_23)
FNDA:0,(anonymous_24)
FNDA:0,(anonymous_25)
FNDA:0,(anonymous_26)
FNDA:0,(anonymous_27)
FNDA:0,(anonymous_28)
FNDA:0,(anonymous_29)
FNDA:0,(anonymous_30)
FNDA:0,(anonymous_31)
FNDA:0,(anonymous_32)
FNDA:0,(anonymous_33)
FNDA:0,(anonymous_34)
FNDA:0,(anonymous_35)
FNDA:0,(anonymous_36)
FNDA:0,(anonymous_37)
FNDA:0,(anonymous_38)
FNDA:0,(anonymous_39)
FNDA:0,(anonymous_40)
FNDA:0,(anonymous_41)
FNDA:0,(anonymous_42)
FNDA:0,(anonymous_43)
FNDA:0,(anonymous_44)
FNDA:0,(anonymous_45)
FNDA:0,(anonymous_46)
FNDA:0,(anonymous_47)
FNDA:0,(anonymous_48)
FNDA:0,(anonymous_49)
FNDA:0,(anonymous_50)
DA:1,0
DA:2,0
DA:3,0
DA:4,0
DA:5,0
DA:8,0
DA:14,0
DA:15,0
DA:27,0
DA:30,0
DA:31,0
DA:39,0
DA:48,0
DA:49,0
DA:55,0
DA:57,0
DA:62,0
DA:63,0
DA:70,0
DA:71,0
DA:74,0
DA:92,0
DA:99,0
DA:100,0
DA:106,0
DA:110,0
DA:118,0
DA:119,0
DA:120,0
DA:122,0
DA:123,0
DA:130,0
DA:141,0
DA:142,0
DA:149,0
DA:150,0
DA:153,0
DA:161,0
DA:162,0
DA:163,0
DA:168,0
DA:169,0
DA:172,0
DA:177,0
DA:182,0
DA:190,0
DA:191,0
DA:195,0
DA:197,0
DA:198,0
DA:205,0
DA:209,0
DA:210,0
DA:217,0
DA:218,0
DA:219,0
DA:220,0
DA:226,0
DA:227,0
DA:230,0
DA:231,0
DA:232,0
DA:239,0
DA:240,0
DA:247,0
DA:248,0
DA:249,0
DA:250,0
DA:251,0
DA:252,0
DA:254,0
DA:255,0
DA:257,0
DA:259,0
DA:261,0
DA:263,0
DA:267,0
DA:268,0
DA:269,0
DA:270,0
DA:271,0
DA:272,0
DA:273,0
DA:274,0
DA:276,0
DA:278,0
DA:282,0
DA:284,0
DA:303,0
DA:305,0
DA:312,0
DA:315,0
DA:316,0
DA:317,0
DA:319,0
DA:320,0
DA:322,0
DA:328,0
DA:331,0
DA:333,0
DA:334,0
DA:335,0
DA:336,0
DA:337,0
DA:340,0
DA:341,0
DA:344,0
DA:352,0
DA:353,0
DA:354,0
DA:355,0
DA:356,0
DA:357,0
DA:360,0
DA:361,0
DA:364,0
DA:375,0
DA:376,0
DA:381,0
DA:382,0
DA:387,0
DA:388,0
DA:395,0
DA:396,0
DA:403,0
DA:452,0
DA:453,0
DA:460,0
DA:463,0
DA:464,0
DA:470,0
DA:471,0
DA:472,0
DA:481,0
DA:482,0
DA:483,0
DA:484,0
DA:493,0
DA:501,0
DA:507,0
DA:525,0
DA:526,0
DA:533,0
DA:537,0
DA:545,0
DA:546,0
DA:547,0
DA:549,0
DA:550,0
DA:557,0
DA:581,0
DA:582,0
DA:589,0
DA:592,0
DA:598,0
DA:617,0
DA:625,0
DA:626,0
DA:627,0
DA:629,0
DA:630,0
DA:637,0
DA:660,0
DA:661,0
DA:668,0
DA:669,0
DA:670,0
DA:672,0
DA:673,0
DA:674,0
DA:691,0
DA:692,0
DA:699,0
DA:700,0
DA:706,0
DA:715,0
DA:721,0
DA:728,0
DA:736,0
DA:737,0
DA:738,0
DA:740,0
DA:741,0
DA:748,0
DA:752,0
DA:753,0
DA:760,0
DA:763,0
DA:771,0
DA:776,0
DA:784,0
DA:785,0
DA:786,0
DA:788,0
DA:789,0
DA:796,0
DA:817,0
DA:818,0
DA:825,0
DA:826,0
DA:832,0
DA:834,0
DA:835,0
DA:842,0
DA:848,0
DA:866,0
DA:874,0
DA:875,0
DA:876,0
DA:884,0
DA:889,0
DA:898,0
DA:899,0
DA:900,0
DA:902,0
DA:904,0
DA:905,0
DA:912,0
DA:937,0
DA:947,0
DA:952,0
DA:966,0
DA:968,0
DA:969,0
DA:972,0
DA:975,0
DA:976,0
DA:977,0
DA:978,0
DA:981,0
DA:982,0
DA:986,0
DA:987,0
DA:991,0
DA:1016,0
DA:1017,0
DA:1018,0
DA:1019,0
DA:1020,0
DA:1021,0
DA:1023,0
DA:1027,0
DA:1029,0
DA:1030,0
DA:1038,0
DA:1039,0
DA:1040,0
DA:1041,0
DA:1042,0
DA:1043,0
DA:1044,0
DA:1046,0
DA:1047,0
DA:1052,0
DA:1053,0
DA:1060,0
DA:1064,0
DA:1075,0
DA:1077,0
DA:1085,0
DA:1086,0
DA:1087,0
DA:1089,0
DA:1090,0
DA:1091,0
DA:1093,0
DA:1096,0
DA:1097,0
DA:1098,0
DA:1099,0
DA:1101,0
DA:1102,0
DA:1109,0
DA:1113,0
DA:1114,0
DA:1120,0
DA:1121,0
DA:1122,0
DA:1123,0
DA:1126,0
DA:1128,0
DA:1137,0
DA:1146,0
DA:1155,0
DA:1165,0
DA:1166,0
DA:1167,0
DA:1168,0
DA:1172,0
DA:1175,0
DA:1176,0
DA:1178,0
DA:1179,0
DA:1183,0
DA:1188,0
DA:1189,0
DA:1193,0
DA:1194,0
DA:1197,0
DA:1201,0
DA:1203,0
DA:1209,0
DA:1212,0
DA:1214,0
DA:1215,0
DA:1219,0
DA:1228,0
DA:1229,0
DA:1234,0
DA:1236,0
DA:1248,0
DA:1257,0
DA:1266,0
DA:1275,0
DA:1278,0
DA:1279,0
DA:1286,0
DA:1293,0
DA:1303,0
DA:1310,0
DA:1318,0
DA:1321,0
DA:1327,0
DA:1335,0
DA:1336,0
DA:1337,0
DA:1340,0
DA:1445,0
DA:1446,0
DA:1455,0
DA:1456,0
DA:1457,0
DA:1458,0
DA:1459,0
DA:1460,0
DA:1462,0
DA:1496,0
DA:1510,0
DA:1524,0
DA:1538,0
DA:1548,0
DA:1579,0
DA:1588,0
DA:1589,0
DA:1590,0
DA:1592,0
DA:1593,0
DA:1594,0
DA:1595,0
DA:1598,0
DA:1599,0
DA:1604,0
DA:1605,0
DA:1606,0
DA:1607,0
DA:1608,0
DA:1609,0
DA:1610,0
DA:1615,0
DA:1620,0
DA:1621,0
DA:1624,0
DA:1632,0
DA:1633,0
DA:1638,0
DA:1639,0
DA:1644,0
DA:1645,0
DA:1652,0
DA:1653,0
DA:1660,0
DA:1661,0
DA:1668,0
DA:1669,0
DA:1678,0
DA:1687,0
DA:1690,0
DA:1703,0
DA:1711,0
DA:1712,0
DA:1714,0
DA:1728,0
DA:1731,0
DA:1744,0
DA:1745,0
DA:1753,0
DA:1754,0
DA:1755,0
DA:1758,0
DA:1790,0
DA:1805,0
DA:1811,0
DA:1812,0
DA:1820,0
DA:1821,0
DA:1823,0
DA:1825,0
DA:1826,0
DA:1832,0
DA:1841,0
DA:1844,0
DA:1855,0
DA:1856,0
DA:1862,0
DA:1873,0
DA:1874,0
DA:1875,0
DA:1877,0
DA:1878,0
DA:1884,0
DA:1891,0
DA:1896,0
DA:1904,0
DA:1905,0
DA:1906,0
DA:1908,0
DA:1909,0
DA:1915,0
DA:1925,0
DA:1931,0
DA:1932,0
DA:1941,0
DA:1942,0
DA:1943,0
DA:1946,0
DA:1967,0
DA:1968,0
DA:1974,0
DA:1975,0
DA:1978,0
DA:2050,0
DA:2053,0
DA:2054,0
DA:2072,0
DA:2073,0
DA:2091,0
DA:2092,0
DA:2110,0
DA:2111,0
DA:2128,0
DA:2134,0
DA:2135,0
DA:2143,0
DA:2144,0
DA:2145,0
DA:2147,0
DA:2148,0
DA:2155,0
DA:2159,0
DA:2160,0
DA:2167,0
DA:2168,0
DA:2174,0
DA:2176,0
DA:2177,0
DA:2184,0
DA:2185,0
DA:2188,0
DA:2195,0
DA:2201,0
DA:2202,0
DA:2203,0
DA:2209,0
DA:2213,0
DA:2221,0
DA:2222,0
DA:2223,0
DA:2225,0
DA:2226,0
DA:2233,0
DA:2237,0
DA:2238,0
DA:2245,0
DA:2246,0
DA:2252,0
DA:2253,0
DA:2254,0
DA:2260,0
DA:2261,0
DA:2263,0
DA:2264,0
DA:2270,0
DA:2271,0
DA:2275,0
DA:2282,0
DA:2285,0
DA:2293,0
DA:2298,0
DA:2302,0
LF:489
LH:0
BRDA:30,0,0,0
BRDA:30,0,1,0
BRDA:30,1,0,0
BRDA:30,1,1,0
BRDA:30,1,2,0
BRDA:30,1,3,0
BRDA:30,1,4,0
BRDA:30,1,5,0
BRDA:30,1,6,0
BRDA:30,1,7,0
BRDA:30,1,8,0
BRDA:48,2,0,0
BRDA:48,2,1,0
BRDA:55,3,0,0
BRDA:55,3,1,0
BRDA:62,4,0,0
BRDA:62,4,1,0
BRDA:102,5,0,0
BRDA:102,5,1,0
BRDA:102,5,2,0
BRDA:122,6,0,0
BRDA:122,6,1,0
BRDA:141,7,0,0
BRDA:141,7,1,0
BRDA:141,8,0,0
BRDA:141,8,1,0
BRDA:141,8,2,0
BRDA:165,9,0,0
BRDA:165,9,1,0
BRDA:165,9,2,0
BRDA:168,10,0,0
BRDA:168,10,1,0
BRDA:197,11,0,0
BRDA:197,11,1,0
BRDA:197,12,0,0
BRDA:197,12,1,0
BRDA:209,13,0,0
BRDA:209,13,1,0
BRDA:209,14,0,0
BRDA:209,14,1,0
BRDA:209,14,2,0
BRDA:218,15,0,0
BRDA:218,15,1,0
BRDA:230,16,0,0
BRDA:230,16,1,0
BRDA:239,17,0,0
BRDA:239,17,1,0
BRDA:255,18,0,0
BRDA:255,18,1,0
BRDA:255,18,2,0
BRDA:255,18,3,0
BRDA:269,19,0,0
BRDA:269,19,1,0
BRDA:271,20,0,0
BRDA:271,20,1,0
BRDA:273,21,0,0
BRDA:273,21,1,0
BRDA:322,22,0,0
BRDA:322,22,1,0
BRDA:328,23,0,0
BRDA:328,23,1,0
BRDA:333,24,0,0
BRDA:333,24,1,0
BRDA:334,25,0,0
BRDA:334,25,1,0
BRDA:336,26,0,0
BRDA:336,26,1,0
BRDA:340,27,0,0
BRDA:340,27,1,0
BRDA:349,28,0,0
BRDA:349,28,1,0
BRDA:352,29,0,0
BRDA:352,29,1,0
BRDA:354,30,0,0
BRDA:354,30,1,0
BRDA:356,31,0,0
BRDA:356,31,1,0
BRDA:360,32,0,0
BRDA:360,32,1,0
BRDA:369,33,0,0
BRDA:369,33,1,0
BRDA:375,34,0,0
BRDA:375,34,1,0
BRDA:381,35,0,0
BRDA:381,35,1,0
BRDA:387,36,0,0
BRDA:387,36,1,0
BRDA:395,37,0,0
BRDA:395,37,1,0
BRDA:452,38,0,0
BRDA:452,38,1,0
BRDA:460,39,0,0
BRDA:460,39,1,0
BRDA:463,40,0,0
BRDA:463,40,1,0
BRDA:481,41,0,0
BRDA:481,41,1,0
BRDA:483,42,0,0
BRDA:483,42,1,0
BRDA:487,43,0,0
BRDA:487,43,1,0
BRDA:487,43,2,0
BRDA:488,44,0,0
BRDA:488,44,1,0
BRDA:520,45,0,0
BRDA:520,45,1,0
BRDA:520,45,2,0
BRDA:528,46,0,0
BRDA:528,46,1,0
BRDA:528,46,2,0
BRDA:549,47,0,0
BRDA:549,47,1,0
BRDA:549,48,0,0
BRDA:549,48,1,0
BRDA:581,49,0,0
BRDA:581,49,1,0
BRDA:589,50,0,0
BRDA:589,50,1,0
BRDA:610,51,0,0
BRDA:610,51,1,0
BRDA:610,51,2,0
BRDA:611,52,0,0
BRDA:611,52,1,0
BRDA:612,53,0,0
BRDA:612,53,1,0
BRDA:613,54,0,0
BRDA:613,54,1,0
BRDA:629,55,0,0
BRDA:629,55,1,0
BRDA:629,56,0,0
BRDA:629,56,1,0
BRDA:660,57,0,0
BRDA:660,57,1,0
BRDA:670,58,0,0
BRDA:670,58,1,0
BRDA:670,59,0,0
BRDA:670,59,1,0
BRDA:673,60,0,0
BRDA:673,60,1,0
BRDA:682,61,0,0
BRDA:682,61,1,0
BRDA:682,61,2,0
BRDA:683,62,0,0
BRDA:683,62,1,0
BRDA:684,63,0,0
BRDA:684,63,1,0
BRDA:685,64,0,0
BRDA:685,64,1,0
BRDA:691,65,0,0
BRDA:691,65,1,0
BRDA:699,66,0,0
BRDA:699,66,1,0
BRDA:740,67,0,0
BRDA:740,67,1,0
BRDA:740,68,0,0
BRDA:740,68,1,0
BRDA:740,68,2,0
BRDA:740,68,3,0
BRDA:752,69,0,0
BRDA:752,69,1,0
BRDA:752,70,0,0
BRDA:752,70,1,0
BRDA:788,71,0,0
BRDA:788,71,1,0
BRDA:788,72,0,0
BRDA:788,72,1,0
BRDA:788,72,2,0
BRDA:817,73,0,0
BRDA:817,73,1,0
BRDA:817,74,0,0
BRDA:817,74,1,0
BRDA:825,75,0,0
BRDA:825,75,1,0
BRDA:825,76,0,0
BRDA:825,76,1,0
BRDA:834,77,0,0
BRDA:834,77,1,0
BRDA:859,78,0,0
BRDA:859,78,1,0
BRDA:859,78,2,0
BRDA:860,79,0,0
BRDA:860,79,1,0
BRDA:861,80,0,0
BRDA:861,80,1,0
BRDA:862,81,0,0
BRDA:862,81,1,0
BRDA:904,82,0,0
BRDA:904,82,1,0
BRDA:941,83,0,0
BRDA:941,83,1,0
BRDA:942,84,0,0
BRDA:942,84,1,0
BRDA:943,85,0,0
BRDA:943,85,1,0
BRDA:944,86,0,0
BRDA:944,86,1,0
BRDA:968,87,0,0
BRDA:968,87,1,0
BRDA:981,88,0,0
BRDA:981,88,1,0
BRDA:986,89,0,0
BRDA:986,89,1,0
BRDA:1018,90,0,0
BRDA:1018,90,1,0
BRDA:1020,91,0,0
BRDA:1020,91,1,0
BRDA:1023,92,0,0
BRDA:1023,92,1,0
BRDA:1024,93,0,0
BRDA:1024,93,1,0
BRDA:1029,94,0,0
BRDA:1029,94,1,0
BRDA:1040,95,0,0
BRDA:1040,95,1,0
BRDA:1041,96,0,0
BRDA:1041,96,1,0
BRDA:1043,97,0,0
BRDA:1043,97,1,0
BRDA:1043,98,0,0
BRDA:1043,98,1,0
BRDA:1046,99,0,0
BRDA:1046,99,1,0
BRDA:1046,100,0,0
BRDA:1046,100,1,0
BRDA:1086,101,0,0
BRDA:1086,101,1,0
BRDA:1090,102,0,0
BRDA:1090,102,1,0
BRDA:1101,103,0,0
BRDA:1101,103,1,0
BRDA:1101,104,0,0
BRDA:1101,104,1,0
BRDA:1113,105,0,0
BRDA:1113,105,1,0
BRDA:1122,106,0,0
BRDA:1122,106,1,0
BRDA:1167,107,0,0
BRDA:1167,107,1,0
BRDA:1178,108,0,0
BRDA:1178,108,1,0
BRDA:1188,109,0,0
BRDA:1188,109,1,0
BRDA:1193,110,0,0
BRDA:1193,110,1,0
BRDA:1197,111,0,0
BRDA:1197,111,1,0
BRDA:1201,112,0,0
BRDA:1201,112,1,0
BRDA:1201,113,0,0
BRDA:1201,113,1,0
BRDA:1212,114,0,0
BRDA:1212,114,1,0
BRDA:1214,115,0,0
BRDA:1214,115,1,0
BRDA:1224,116,0,0
BRDA:1224,116,1,0
BRDA:1228,117,0,0
BRDA:1228,117,1,0
BRDA:1234,118,0,0
BRDA:1234,118,1,0
BRDA:1240,119,0,0
BRDA:1240,119,1,0
BRDA:1253,120,0,0
BRDA:1253,120,1,0
BRDA:1262,121,0,0
BRDA:1262,121,1,0
BRDA:1271,122,0,0
BRDA:1271,122,1,0
BRDA:1278,123,0,0
BRDA:1278,123,1,0
BRDA:1303,124,0,0
BRDA:1303,124,1,0
BRDA:1313,125,0,0
BRDA:1313,125,1,0
BRDA:1445,126,0,0
BRDA:1445,126,1,0
BRDA:1474,127,0,0
BRDA:1474,127,1,0
BRDA:1474,127,2,0
BRDA:1479,128,0,0
BRDA:1479,128,1,0
BRDA:1480,129,0,0
BRDA:1480,129,1,0
BRDA:1485,130,0,0
BRDA:1485,130,1,0
BRDA:1486,131,0,0
BRDA:1486,131,1,0
BRDA:1503,132,0,0
BRDA:1503,132,1,0
BRDA:1504,133,0,0
BRDA:1504,133,1,0
BRDA:1505,134,0,0
BRDA:1505,134,1,0
BRDA:1506,135,0,0
BRDA:1506,135,1,0
BRDA:1507,136,0,0
BRDA:1507,136,1,0
BRDA:1508,137,0,0
BRDA:1508,137,1,0
BRDA:1517,138,0,0
BRDA:1517,138,1,0
BRDA:1518,139,0,0
BRDA:1518,139,1,0
BRDA:1518,140,0,0
BRDA:1518,140,1,0
BRDA:1521,141,0,0
BRDA:1521,141,1,0
BRDA:1522,142,0,0
BRDA:1522,142,1,0
BRDA:1531,143,0,0
BRDA:1531,143,1,0
BRDA:1532,144,0,0
BRDA:1532,144,1,0
BRDA:1533,145,0,0
BRDA:1533,145,1,0
BRDA:1534,146,0,0
BRDA:1534,146,1,0
BRDA:1535,147,0,0
BRDA:1535,147,1,0
BRDA:1536,148,0,0
BRDA:1536,148,1,0
BRDA:1545,149,0,0
BRDA:1545,149,1,0
BRDA:1546,150,0,0
BRDA:1546,150,1,0
BRDA:1555,151,0,0
BRDA:1555,151,1,0
BRDA:1556,152,0,0
BRDA:1556,152,1,0
BRDA:1556,153,0,0
BRDA:1556,153,1,0
BRDA:1559,154,0,0
BRDA:1559,154,1,0
BRDA:1560,155,0,0
BRDA:1560,155,1,0
BRDA:1598,156,0,0
BRDA:1598,156,1,0
BRDA:1604,157,0,0
BRDA:1604,157,1,0
BRDA:1620,158,0,0
BRDA:1620,158,1,0
BRDA:1620,159,0,0
BRDA:1620,159,1,0
BRDA:1620,159,2,0
BRDA:1632,160,0,0
BRDA:1632,160,1,0
BRDA:1638,161,0,0
BRDA:1638,161,1,0
BRDA:1644,162,0,0
BRDA:1644,162,1,0
BRDA:1652,163,0,0
BRDA:1652,163,1,0
BRDA:1660,164,0,0
BRDA:1660,164,1,0
BRDA:1668,165,0,0
BRDA:1668,165,1,0
BRDA:1738,166,0,0
BRDA:1738,166,1,0
BRDA:1795,167,0,0
BRDA:1795,167,1,0
BRDA:1796,168,0,0
BRDA:1796,168,1,0
BRDA:1799,169,0,0
BRDA:1799,169,1,0
BRDA:1823,170,0,0
BRDA:1823,170,1,0
BRDA:1825,171,0,0
BRDA:1825,171,1,0
BRDA:1865,172,0,0
BRDA:1865,172,1,0
BRDA:1875,173,0,0
BRDA:1875,173,1,0
BRDA:1877,174,0,0
BRDA:1877,174,1,0
BRDA:1906,175,0,0
BRDA:1906,175,1,0
BRDA:1908,176,0,0
BRDA:1908,176,1,0
BRDA:1967,177,0,0
BRDA:1967,177,1,0
BRDA:1974,178,0,0
BRDA:1974,178,1,0
BRDA:1975,179,0,0
BRDA:1975,179,1,0
BRDA:2061,180,0,0
BRDA:2061,180,1,0
BRDA:2062,181,0,0
BRDA:2062,181,1,0
BRDA:2063,182,0,0
BRDA:2063,182,1,0
BRDA:2064,183,0,0
BRDA:2064,183,1,0
BRDA:2065,184,0,0
BRDA:2065,184,1,0
BRDA:2080,185,0,0
BRDA:2080,185,1,0
BRDA:2081,186,0,0
BRDA:2081,186,1,0
BRDA:2082,187,0,0
BRDA:2082,187,1,0
BRDA:2083,188,0,0
BRDA:2083,188,1,0
BRDA:2084,189,0,0
BRDA:2084,189,1,0
BRDA:2099,190,0,0
BRDA:2099,190,1,0
BRDA:2100,191,0,0
BRDA:2100,191,1,0
BRDA:2101,192,0,0
BRDA:2101,192,1,0
BRDA:2102,193,0,0
BRDA:2102,193,1,0
BRDA:2103,194,0,0
BRDA:2103,194,1,0
BRDA:2118,195,0,0
BRDA:2118,195,1,0
BRDA:2119,196,0,0
BRDA:2119,196,1,0
BRDA:2120,197,0,0
BRDA:2120,197,1,0
BRDA:2121,198,0,0
BRDA:2121,198,1,0
BRDA:2122,199,0,0
BRDA:2122,199,1,0
BRDA:2147,200,0,0
BRDA:2147,200,1,0
BRDA:2147,201,0,0
BRDA:2147,201,1,0
BRDA:2147,201,2,0
BRDA:2159,202,0,0
BRDA:2159,202,1,0
BRDA:2159,203,0,0
BRDA:2159,203,1,0
BRDA:2167,204,0,0
BRDA:2167,204,1,0
BRDA:2167,205,0,0
BRDA:2167,205,1,0
BRDA:2176,206,0,0
BRDA:2176,206,1,0
BRDA:2202,207,0,0
BRDA:2202,207,1,0
BRDA:2202,207,2,0
BRDA:2225,208,0,0
BRDA:2225,208,1,0
BRDA:2225,209,0,0
BRDA:2225,209,1,0
BRDA:2225,209,2,0
BRDA:2225,209,3,0
BRDA:2225,209,4,0
BRDA:2237,210,0,0
BRDA:2237,210,1,0
BRDA:2237,211,0,0
BRDA:2237,211,1,0
BRDA:2245,212,0,0
BRDA:2245,212,1,0
BRDA:2245,213,0,0
BRDA:2245,213,1,0
BRDA:2253,214,0,0
BRDA:2253,214,1,0
BRDA:2263,215,0,0
BRDA:2263,215,1,0
BRDA:2270,216,0,0
BRDA:2270,216,1,0
BRF:463
BRH:0
end_of_record
TN:
SF:src\controllers\notificationController.js
FN:12,(anonymous_0)
FN:29,(anonymous_1)
FN:40,(anonymous_2)
FN:53,(anonymous_3)
FN:64,(anonymous_4)
FN:77,(anonymous_5)
FN:88,(anonymous_6)
FNF:7
FNH:0
FNDA:0,(anonymous_0)
FNDA:0,(anonymous_1)
FNDA:0,(anonymous_2)
FNDA:0,(anonymous_3)
FNDA:0,(anonymous_4)
FNDA:0,(anonymous_5)
FNDA:0,(anonymous_6)
DA:9,0
DA:12,0
DA:13,0
DA:14,0
DA:15,0
DA:17,0
DA:22,0
DA:24,0
DA:29,0
DA:30,0
DA:31,0
DA:32,0
DA:33,0
DA:35,0
DA:40,0
DA:41,0
DA:42,0
DA:43,0
DA:45,0
DA:46,0
DA:48,0
DA:53,0
DA:54,0
DA:55,0
DA:56,0
DA:57,0
DA:59,0
DA:64,0
DA:65,0
DA:66,0
DA:67,0
DA:69,0
DA:70,0
DA:72,0
DA:77,0
DA:78,0
DA:79,0
DA:80,0
DA:81,0
DA:83,0
DA:88,0
DA:89,0
DA:90,0
DA:91,0
DA:92,0
DA:94,0
DA:98,0
LF:47
LH:0
BRF:0
BRH:0
end_of_record
TN:
SF:src\controllers\regionController.js
FN:4,(anonymous_0)
FN:35,(anonymous_1)
FN:36,(anonymous_2)
FN:37,(anonymous_3)
FN:38,(anonymous_4)
FN:137,(anonymous_5)
FN:177,(anonymous_6)
FN:201,(anonymous_7)
FN:232,(anonymous_8)
FN:285,(anonymous_9)
FN:304,(anonymous_10)
FN:355,(anonymous_11)
FN:376,(anonymous_12)
FN:391,(anonymous_13)
FN:563,(anonymous_14)
FN:570,(anonymous_15)
FNF:16
FNH:0
FNDA:0,(anonymous_0)
FNDA:0,(anonymous_1)
FNDA:0,(anonymous_2)
FNDA:0,(anonymous_3)
FNDA:0,(anonymous_4)
FNDA:0,(anonymous_5)
FNDA:0,(anonymous_6)
FNDA:0,(anonymous_7)
FNDA:0,(anonymous_8)
FNDA:0,(anonymous_9)
FNDA:0,(anonymous_10)
FNDA:0,(anonymous_11)
FNDA:0,(anonymous_12)
FNDA:0,(anonymous_13)
FNDA:0,(anonymous_14)
FNDA:0,(anonymous_15)
DA:1,0
DA:2,0
DA:4,0
DA:5,0
DA:10,0
DA:11,0
DA:12,0
DA:13,0
DA:16,0
DA:35,0
DA:36,0
DA:37,0
DA:38,0
DA:40,0
DA:41,0
DA:42,0
DA:44,0
DA:45,0
DA:49,0
DA:63,0
DA:97,0
DA:103,0
DA:104,0
DA:105,0
DA:107,0
DA:108,0
DA:112,0
DA:116,0
DA:117,0
DA:118,0
DA:123,0
DA:124,0
DA:131,0
DA:137,0
DA:139,0
DA:140,0
DA:144,0
DA:145,0
DA:150,0
DA:151,0
DA:156,0
DA:157,0
DA:163,0
DA:177,0
DA:179,0
DA:201,0
DA:232,0
DA:233,0
DA:234,0
DA:237,0
DA:238,0
DA:240,0
DA:241,0
DA:245,0
DA:246,0
DA:247,0
DA:250,0
DA:251,0
DA:258,0
DA:259,0
DA:278,0
DA:280,0
DA:285,0
DA:286,0
DA:287,0
DA:290,0
DA:291,0
DA:295,0
DA:300,0
DA:304,0
DA:305,0
DA:306,0
DA:309,0
DA:310,0
DA:311,0
DA:315,0
DA:316,0
DA:319,0
DA:320,0
DA:326,0
DA:327,0
DA:347,0
DA:351,0
DA:355,0
DA:356,0
DA:357,0
DA:360,0
DA:361,0
DA:364,0
DA:369,0
DA:370,0
DA:375,0
DA:376,0
DA:377,0
DA:380,0
DA:381,0
DA:391,0
DA:392,0
DA:401,0
DA:403,0
DA:404,0
DA:409,0
DA:413,0
DA:416,0
DA:419,0
DA:422,0
DA:425,0
DA:430,0
DA:431,0
DA:432,0
DA:434,0
DA:435,0
DA:437,0
DA:438,0
DA:441,0
DA:442,0
DA:447,0
DA:448,0
DA:449,0
DA:450,0
DA:451,0
DA:456,0
DA:460,0
DA:465,0
DA:466,0
DA:470,0
DA:476,0
DA:478,0
DA:479,0
DA:484,0
DA:485,0
DA:490,0
DA:494,0
DA:495,0
DA:496,0
DA:498,0
DA:499,0
DA:502,0
DA:506,0
DA:507,0
DA:512,0
DA:513,0
DA:518,0
DA:519,0
DA:524,0
DA:530,0
DA:531,0
DA:557,0
DA:559,0
DA:563,0
DA:564,0
DA:565,0
DA:568,0
DA:569,0
DA:570,0
DA:571,0
DA:573,0
DA:575,0
DA:576,0
DA:578,0
DA:582,0
LF:161
LH:0
BRDA:10,0,0,0
BRDA:10,0,1,0
BRDA:41,1,0,0
BRDA:41,1,1,0
BRDA:44,2,0,0
BRDA:44,2,1,0
BRDA:49,3,0,0
BRDA:49,3,1,0
BRDA:65,4,0,0
BRDA:65,4,1,0
BRDA:71,5,0,0
BRDA:71,5,1,0
BRDA:77,6,0,0
BRDA:77,6,1,0
BRDA:83,7,0,0
BRDA:83,7,1,0
BRDA:89,8,0,0
BRDA:89,8,1,0
BRDA:97,9,0,0
BRDA:97,9,1,0
BRDA:104,10,0,0
BRDA:104,10,1,0
BRDA:107,11,0,0
BRDA:107,11,1,0
BRDA:112,12,0,0
BRDA:112,12,1,0
BRDA:117,13,0,0
BRDA:117,13,1,0
BRDA:123,14,0,0
BRDA:123,14,1,0
BRDA:131,15,0,0
BRDA:131,15,1,0
BRDA:144,16,0,0
BRDA:144,16,1,0
BRDA:150,17,0,0
BRDA:150,17,1,0
BRDA:156,18,0,0
BRDA:156,18,1,0
BRDA:163,19,0,0
BRDA:163,19,1,0
BRDA:233,20,0,0
BRDA:233,20,1,0
BRDA:233,21,0,0
BRDA:233,21,1,0
BRDA:233,21,2,0
BRDA:237,22,0,0
BRDA:237,22,1,0
BRDA:237,23,0,0
BRDA:237,23,1,0
BRDA:240,24,0,0
BRDA:240,24,1,0
BRDA:240,25,0,0
BRDA:240,25,1,0
BRDA:246,26,0,0
BRDA:246,26,1,0
BRDA:286,27,0,0
BRDA:286,27,1,0
BRDA:286,28,0,0
BRDA:286,28,1,0
BRDA:305,29,0,0
BRDA:305,29,1,0
BRDA:305,30,0,0
BRDA:305,30,1,0
BRDA:315,31,0,0
BRDA:315,31,1,0
BRDA:356,32,0,0
BRDA:356,32,1,0
BRDA:356,33,0,0
BRDA:356,33,1,0
BRDA:369,34,0,0
BRDA:369,34,1,0
BRDA:403,35,0,0
BRDA:403,35,1,0
BRDA:431,36,0,0
BRDA:431,36,1,0
BRDA:434,37,0,0
BRDA:434,37,1,0
BRDA:437,38,0,0
BRDA:437,38,1,0
BRDA:441,39,0,0
BRDA:441,39,1,0
BRDA:447,40,0,0
BRDA:447,40,1,0
BRDA:450,41,0,0
BRDA:450,41,1,0
BRDA:465,42,0,0
BRDA:465,42,1,0
BRDA:478,43,0,0
BRDA:478,43,1,0
BRDA:484,44,0,0
BRDA:484,44,1,0
BRDA:495,45,0,0
BRDA:495,45,1,0
BRDA:498,46,0,0
BRDA:498,46,1,0
BRDA:506,47,0,0
BRDA:506,47,1,0
BRDA:512,48,0,0
BRDA:512,48,1,0
BRDA:518,49,0,0
BRDA:518,49,1,0
BRDA:564,50,0,0
BRDA:564,50,1,0
BRDA:564,51,0,0
BRDA:564,51,1,0
BRDA:575,52,0,0
BRDA:575,52,1,0
BRF:107
BRH:0
end_of_record
TN:
SF:src\controllers\reportController.js
FN:4,(anonymous_0)
FN:10,(anonymous_1)
FN:34,(anonymous_2)
FN:69,(anonymous_3)
FN:117,(anonymous_4)
FN:130,(anonymous_5)
FN:144,(anonymous_6)
FN:165,(anonymous_7)
FN:181,(anonymous_8)
FN:292,(anonymous_9)
FN:312,(anonymous_10)
FN:314,(anonymous_11)
FN:331,(anonymous_12)
FN:373,(anonymous_13)
FN:405,(anonymous_14)
FN:434,(anonymous_15)
FN:487,(anonymous_16)
FN:489,(anonymous_17)
FN:510,(anonymous_18)
FN:573,(anonymous_19)
FN:574,(anonymous_20)
FN:578,(anonymous_21)
FN:608,(anonymous_22)
FN:700,(anonymous_23)
FN:779,(anonymous_24)
FN:813,(anonymous_25)
FN:907,(anonymous_26)
FN:981,(anonymous_27)
FN:1019,(anonymous_28)
FN:1110,(anonymous_29)
FN:1128,(anonymous_30)
FN:1130,(anonymous_31)
FN:1147,(anonymous_32)
FN:1181,(anonymous_33)
FN:1213,(anonymous_34)
FN:1241,(anonymous_35)
FN:1348,(anonymous_36)
FN:1418,(anonymous_37)
FNF:38
FNH:0
FNDA:0,(anonymous_0)
FNDA:0,(anonymous_1)
FNDA:0,(anonymous_2)
FNDA:0,(anonymous_3)
FNDA:0,(anonymous_4)
FNDA:0,(anonymous_5)
FNDA:0,(anonymous_6)
FNDA:0,(anonymous_7)
FNDA:0,(anonymous_8)
FNDA:0,(anonymous_9)
FNDA:0,(anonymous_10)
FNDA:0,(anonymous_11)
FNDA:0,(anonymous_12)
FNDA:0,(anonymous_13)
FNDA:0,(anonymous_14)
FNDA:0,(anonymous_15)
FNDA:0,(anonymous_16)
FNDA:0,(anonymous_17)
FNDA:0,(anonymous_18)
FNDA:0,(anonymous_19)
FNDA:0,(anonymous_20)
FNDA:0,(anonymous_21)
FNDA:0,(anonymous_22)
FNDA:0,(anonymous_23)
FNDA:0,(anonymous_24)
FNDA:0,(anonymous_25)
FNDA:0,(anonymous_26)
FNDA:0,(anonymous_27)
FNDA:0,(anonymous_28)
FNDA:0,(anonymous_29)
FNDA:0,(anonymous_30)
FNDA:0,(anonymous_31)
FNDA:0,(anonymous_32)
FNDA:0,(anonymous_33)
FNDA:0,(anonymous_34)
FNDA:0,(anonymous_35)
FNDA:0,(anonymous_36)
FNDA:0,(anonymous_37)
DA:1,0
DA:4,0
DA:5,0
DA:6,0
DA:7,0
DA:10,0
DA:11,0
DA:12,0
DA:14,0
DA:16,0
DA:17,0
DA:19,0
DA:20,0
DA:22,0
DA:23,0
DA:25,0
DA:26,0
DA:28,0
DA:31,0
DA:34,0
DA:35,0
DA:36,0
DA:37,0
DA:39,0
DA:40,0
DA:41,0
DA:42,0
DA:43,0
DA:46,0
DA:47,0
DA:49,0
DA:50,0
DA:51,0
DA:52,0
DA:53,0
DA:55,0
DA:56,0
DA:62,0
DA:69,0
DA:70,0
DA:71,0
DA:74,0
DA:75,0
DA:76,0
DA:78,0
DA:81,0
DA:88,0
DA:89,0
DA:90,0
DA:91,0
DA:99,0
DA:100,0
DA:101,0
DA:109,0
DA:116,0
DA:117,0
DA:123,0
DA:130,0
DA:131,0
DA:132,0
DA:133,0
DA:134,0
DA:136,0
DA:144,0
DA:147,0
DA:159,0
DA:165,0
DA:173,0
DA:181,0
DA:182,0
DA:183,0
DA:186,0
DA:187,0
DA:188,0
DA:190,0
DA:191,0
DA:192,0
DA:196,0
DA:209,0
DA:212,0
DA:222,0
DA:225,0
DA:238,0
DA:250,0
DA:263,0
DA:264,0
DA:269,0
DA:278,0
DA:291,0
DA:292,0
DA:298,0
DA:312,0
DA:313,0
DA:315,0
DA:319,0
DA:330,0
DA:332,0
DA:338,0
DA:346,0
DA:354,0
DA:363,0
DA:364,0
DA:369,0
DA:373,0
DA:374,0
DA:375,0
DA:376,0
DA:378,0
DA:388,0
DA:396,0
DA:397,0
DA:398,0
DA:405,0
DA:406,0
DA:407,0
DA:414,0
DA:426,0
DA:434,0
DA:435,0
DA:436,0
DA:439,0
DA:440,0
DA:441,0
DA:444,0
DA:445,0
DA:446,0
DA:447,0
DA:449,0
DA:450,0
DA:453,0
DA:454,0
DA:458,0
DA:466,0
DA:473,0
DA:479,0
DA:482,0
DA:487,0
DA:488,0
DA:490,0
DA:494,0
DA:505,0
DA:509,0
DA:511,0
DA:521,0
DA:533,0
DA:545,0
DA:558,0
DA:559,0
DA:563,0
DA:573,0
DA:574,0
DA:578,0
DA:583,0
DA:600,0
DA:608,0
DA:609,0
DA:610,0
DA:613,0
DA:614,0
DA:615,0
DA:616,0
DA:618,0
DA:623,0
DA:624,0
DA:628,0
DA:638,0
DA:650,0
DA:662,0
DA:675,0
DA:676,0
DA:680,0
DA:693,0
DA:699,0
DA:701,0
DA:707,0
DA:715,0
DA:723,0
DA:727,0
DA:735,0
DA:748,0
DA:761,0
DA:764,0
DA:778,0
DA:780,0
DA:784,0
DA:791,0
DA:805,0
DA:813,0
DA:814,0
DA:815,0
DA:818,0
DA:819,0
DA:820,0
DA:821,0
DA:823,0
DA:827,0
DA:828,0
DA:831,0
DA:841,0
DA:842,0
DA:846,0
DA:852,0
DA:860,0
DA:868,0
DA:877,0
DA:878,0
DA:882,0
DA:890,0
DA:897,0
DA:906,0
DA:908,0
DA:912,0
DA:918,0
DA:924,0
DA:928,0
DA:935,0
DA:943,0
DA:958,0
DA:967,0
DA:970,0
DA:980,0
DA:982,0
DA:986,0
DA:993,0
DA:1011,0
DA:1019,0
DA:1020,0
DA:1021,0
DA:1024,0
DA:1025,0
DA:1026,0
DA:1027,0
DA:1030,0
DA:1042,0
DA:1043,0
DA:1046,0
DA:1049,0
DA:1057,0
DA:1060,0
DA:1071,0
DA:1081,0
DA:1092,0
DA:1093,0
DA:1098,0
DA:1109,0
DA:1110,0
DA:1116,0
DA:1128,0
DA:1129,0
DA:1131,0
DA:1135,0
DA:1146,0
DA:1148,0
DA:1152,0
DA:1158,0
DA:1164,0
DA:1171,0
DA:1172,0
DA:1177,0
DA:1181,0
DA:1182,0
DA:1183,0
DA:1184,0
DA:1186,0
DA:1196,0
DA:1204,0
DA:1205,0
DA:1206,0
DA:1213,0
DA:1214,0
DA:1215,0
DA:1222,0
DA:1233,0
DA:1241,0
DA:1242,0
DA:1243,0
DA:1246,0
DA:1247,0
DA:1248,0
DA:1249,0
DA:1251,0
DA:1255,0
DA:1256,0
DA:1259,0
DA:1266,0
DA:1267,0
DA:1270,0
DA:1277,0
DA:1278,0
DA:1282,0
DA:1286,0
DA:1292,0
DA:1298,0
DA:1305,0
DA:1306,0
DA:1310,0
DA:1316,0
DA:1323,0
DA:1332,0
DA:1347,0
DA:1349,0
DA:1355,0
DA:1362,0
DA:1368,0
DA:1376,0
DA:1378,0
DA:1382,0
DA:1399,0
DA:1406,0
DA:1409,0
DA:1417,0
DA:1419,0
DA:1423,0
DA:1430,0
DA:1448,0
DA:1452,0
LF:316
LH:0
BRDA:14,0,0,0
BRDA:14,0,1,0
BRDA:14,0,2,0
BRDA:14,0,3,0
BRDA:14,0,4,0
BRDA:34,1,0,0
BRDA:40,2,0,0
BRDA:40,2,1,0
BRDA:40,2,2,0
BRDA:41,3,0,0
BRDA:41,3,1,0
BRDA:43,4,0,0
BRDA:43,4,1,0
BRDA:58,5,0,0
BRDA:58,5,1,0
BRDA:70,6,0,0
BRDA:70,6,1,0
BRDA:70,7,0,0
BRDA:70,7,1,0
BRDA:75,8,0,0
BRDA:131,9,0,0
BRDA:131,9,1,0
BRDA:133,10,0,0
BRDA:133,10,1,0
BRDA:134,11,0,0
BRDA:134,11,1,0
BRDA:137,12,0,0
BRDA:137,12,1,0
BRDA:144,13,0,0
BRDA:144,13,1,0
BRDA:167,14,0,0
BRDA:167,14,1,0
BRDA:167,15,0,0
BRDA:167,15,1,0
BRDA:167,16,0,0
BRDA:167,16,1,0
BRDA:168,17,0,0
BRDA:168,17,1,0
BRDA:182,18,0,0
BRDA:182,18,1,0
BRDA:187,19,0,0
BRDA:191,20,0,0
BRDA:191,20,1,0
BRDA:264,21,0,0
BRDA:264,21,1,0
BRDA:320,22,0,0
BRDA:320,22,1,0
BRDA:322,23,0,0
BRDA:322,23,1,0
BRDA:364,24,0,0
BRDA:364,24,1,0
BRDA:373,25,0,0
BRDA:373,25,1,0
BRDA:375,26,0,0
BRDA:375,26,1,0
BRDA:376,27,0,0
BRDA:376,27,1,0
BRDA:397,28,0,0
BRDA:397,28,1,0
BRDA:406,29,0,0
BRDA:406,29,1,0
BRDA:435,30,0,0
BRDA:435,30,1,0
BRDA:435,31,0,0
BRDA:435,31,1,0
BRDA:440,32,0,0
BRDA:454,33,0,0
BRDA:454,33,1,0
BRDA:495,34,0,0
BRDA:495,34,1,0
BRDA:497,35,0,0
BRDA:497,35,1,0
BRDA:559,36,0,0
BRDA:559,36,1,0
BRDA:609,37,0,0
BRDA:609,37,1,0
BRDA:615,38,0,0
BRDA:623,39,0,0
BRDA:623,39,1,0
BRDA:676,40,0,0
BRDA:676,40,1,0
BRDA:723,41,0,0
BRDA:723,41,1,0
BRDA:785,42,0,0
BRDA:785,42,1,0
BRDA:814,43,0,0
BRDA:814,43,1,0
BRDA:820,44,0,0
BRDA:827,45,0,0
BRDA:827,45,1,0
BRDA:841,46,0,0
BRDA:841,46,1,0
BRDA:878,47,0,0
BRDA:878,47,1,0
BRDA:924,48,0,0
BRDA:924,48,1,0
BRDA:987,49,0,0
BRDA:987,49,1,0
BRDA:1020,50,0,0
BRDA:1020,50,1,0
BRDA:1020,51,0,0
BRDA:1020,51,1,0
BRDA:1025,52,0,0
BRDA:1042,53,0,0
BRDA:1042,53,1,0
BRDA:1093,54,0,0
BRDA:1093,54,1,0
BRDA:1136,55,0,0
BRDA:1136,55,1,0
BRDA:1138,56,0,0
BRDA:1138,56,1,0
BRDA:1172,57,0,0
BRDA:1172,57,1,0
BRDA:1181,58,0,0
BRDA:1181,58,1,0
BRDA:1183,59,0,0
BRDA:1183,59,1,0
BRDA:1184,60,0,0
BRDA:1184,60,1,0
BRDA:1205,61,0,0
BRDA:1205,61,1,0
BRDA:1214,62,0,0
BRDA:1214,62,1,0
BRDA:1242,63,0,0
BRDA:1242,63,1,0
BRDA:1248,64,0,0
BRDA:1255,65,0,0
BRDA:1255,65,1,0
BRDA:1266,66,0,0
BRDA:1266,66,1,0
BRDA:1277,67,0,0
BRDA:1277,67,1,0
BRDA:1306,68,0,0
BRDA:1306,68,1,0
BRDA:1378,69,0,0
BRDA:1378,69,1,0
BRDA:1424,70,0,0
BRDA:1424,70,1,0
BRF:138
BRH:0
end_of_record
TN:
SF:src\controllers\stockController.js
FN:16,(anonymous_0)
FN:34,(anonymous_1)
FN:52,(anonymous_2)
FN:70,(anonymous_3)
FN:89,(anonymous_4)
FN:95,(anonymous_5)
FN:98,(anonymous_6)
FN:104,(anonymous_7)
FN:107,(anonymous_8)
FN:108,(anonymous_9)
FN:122,(anonymous_10)
FN:125,(anonymous_11)
FN:135,(anonymous_12)
FN:162,(anonymous_13)
FN:196,(anonymous_14)
FN:236,(anonymous_15)
FN:263,(anonymous_16)
FN:301,(anonymous_17)
FN:332,(anonymous_18)
FN:333,(anonymous_19)
FN:335,(anonymous_20)
FN:336,(anonymous_21)
FN:369,(anonymous_22)
FN:415,(anonymous_23)
FN:416,(anonymous_24)
FN:531,(anonymous_25)
FN:535,(anonymous_26)
FN:560,(anonymous_27)
FN:560,(anonymous_28)
FN:563,(anonymous_29)
FN:603,(anonymous_30)
FN:614,(anonymous_31)
FN:628,(anonymous_32)
FN:632,(anonymous_33)
FN:650,(anonymous_34)
FN:667,(anonymous_35)
FN:693,(anonymous_36)
FN:733,(anonymous_37)
FN:784,(anonymous_38)
FN:835,(anonymous_39)
FN:846,(anonymous_40)
FN:854,(anonymous_41)
FN:860,(anonymous_42)
FN:873,(anonymous_43)
FN:911,(anonymous_44)
FN:912,(anonymous_45)
FN:922,(anonymous_46)
FN:943,(anonymous_47)
FN:987,(anonymous_48)
FN:996,(anonymous_49)
FN:1020,(anonymous_50)
FN:1083,(anonymous_51)
FN:1094,(anonymous_52)
FN:1115,(anonymous_53)
FN:1135,(anonymous_54)
FN:1178,(anonymous_55)
FN:1226,(anonymous_56)
FN:1317,(anonymous_57)
FN:1341,(anonymous_58)
FN:1380,(anonymous_59)
FN:1400,(anonymous_60)
FN:1479,(anonymous_61)
FN:1547,(anonymous_62)
FN:1563,(anonymous_63)
FN:1564,(anonymous_64)
FN:1588,(anonymous_65)
FN:1662,(anonymous_66)
FN:1741,(anonymous_67)
FN:1810,(anonymous_68)
FN:1826,(anonymous_69)
FN:1827,(anonymous_70)
FN:1851,(anonymous_71)
FN:1914,(anonymous_72)
FN:1993,(anonymous_73)
FN:2062,(anonymous_74)
FN:2079,(anonymous_75)
FN:2080,(anonymous_76)
FN:2105,(anonymous_77)
FN:2124,(anonymous_78)
FN:2180,(anonymous_79)
FN:2205,(anonymous_80)
FN:2288,(anonymous_81)
FN:2309,(anonymous_82)
FN:2368,(anonymous_83)
FN:2389,(anonymous_84)
FN:2449,(anonymous_85)
FN:2469,(anonymous_86)
FN:2522,(anonymous_87)
FN:2548,(anonymous_88)
FN:2567,(anonymous_89)
FN:2657,(anonymous_90)
FN:2671,(anonymous_91)
FN:2674,(anonymous_92)
FN:2697,(anonymous_93)
FN:2728,(anonymous_94)
FN:2773,(anonymous_95)
FN:2829,(anonymous_96)
FN:2850,(anonymous_97)
FN:2917,(anonymous_98)
FN:2943,(anonymous_99)
FN:2964,(anonymous_100)
FN:3049,(anonymous_101)
FN:3075,(anonymous_102)
FN:3102,(anonymous_103)
FN:3185,(anonymous_104)
FN:3230,(anonymous_105)
FN:3249,(anonymous_106)
FN:3252,(anonymous_107)
FN:3279,(anonymous_108)
FN:3302,(anonymous_109)
FN:3338,(anonymous_110)
FN:3393,(anonymous_111)
FN:3464,(anonymous_112)
FN:3503,(anonymous_113)
FN:3542,(anonymous_114)
FN:3565,(anonymous_115)
FN:3615,(anonymous_116)
FN:3673,(anonymous_117)
FN:3729,(anonymous_118)
FN:3741,(anonymous_119)
FN:3752,(anonymous_120)
FN:3770,(anonymous_121)
FN:3773,(anonymous_122)
FN:3795,(anonymous_123)
FN:3834,(anonymous_124)
FN:3897,(anonymous_125)
FN:3990,(anonymous_126)
FN:4097,(anonymous_127)
FN:4207,(anonymous_128)
FN:4237,(anonymous_129)
FN:4318,(anonymous_130)
FN:4357,(anonymous_131)
FN:4473,(anonymous_132)
FN:4600,(anonymous_133)
FN:4601,(anonymous_134)
FN:4699,(anonymous_135)
FN:4738,(anonymous_136)
FN:4837,(anonymous_137)
FN:4907,(anonymous_138)
FN:4935,(anonymous_139)
FN:4936,(anonymous_140)
FN:4963,(anonymous_141)
FN:4996,(anonymous_142)
FN:5095,(anonymous_143)
FN:5166,(anonymous_144)
FN:5194,(anonymous_145)
FN:5195,(anonymous_146)
FN:5222,(anonymous_147)
FN:5430,(anonymous_148)
FN:5486,(anonymous_149)
FNF:150
FNH:0
FNDA:0,(anonymous_0)
FNDA:0,(anonymous_1)
FNDA:0,(anonymous_2)
FNDA:0,(anonymous_3)
FNDA:0,(anonymous_4)
FNDA:0,(anonymous_5)
FNDA:0,(anonymous_6)
FNDA:0,(anonymous_7)
FNDA:0,(anonymous_8)
FNDA:0,(anonymous_9)
FNDA:0,(anonymous_10)
FNDA:0,(anonymous_11)
FNDA:0,(anonymous_12)
FNDA:0,(anonymous_13)
FNDA:0,(anonymous_14)
FNDA:0,(anonymous_15)
FNDA:0,(anonymous_16)
FNDA:0,(anonymous_17)
FNDA:0,(anonymous_18)
FNDA:0,(anonymous_19)
FNDA:0,(anonymous_20)
FNDA:0,(anonymous_21)
FNDA:0,(anonymous_22)
FNDA:0,(anonymous_23)
FNDA:0,(anonymous_24)
FNDA:0,(anonymous_25)
FNDA:0,(anonymous_26)
FNDA:0,(anonymous_27)
FNDA:0,(anonymous_28)
FNDA:0,(anonymous_29)
FNDA:0,(anonymous_30)
FNDA:0,(anonymous_31)
FNDA:0,(anonymous_32)
FNDA:0,(anonymous_33)
FNDA:0,(anonymous_34)
FNDA:0,(anonymous_35)
FNDA:0,(anonymous_36)
FNDA:0,(anonymous_37)
FNDA:0,(anonymous_38)
FNDA:0,(anonymous_39)
FNDA:0,(anonymous_40)
FNDA:0,(anonymous_41)
FNDA:0,(anonymous_42)
FNDA:0,(anonymous_43)
FNDA:0,(anonymous_44)
FNDA:0,(anonymous_45)
FNDA:0,(anonymous_46)
FNDA:0,(anonymous_47)
FNDA:0,(anonymous_48)
FNDA:0,(anonymous_49)
FNDA:0,(anonymous_50)
FNDA:0,(anonymous_51)
FNDA:0,(anonymous_52)
FNDA:0,(anonymous_53)
FNDA:0,(anonymous_54)
FNDA:0,(anonymous_55)
FNDA:0,(anonymous_56)
FNDA:0,(anonymous_57)
FNDA:0,(anonymous_58)
FNDA:0,(anonymous_59)
FNDA:0,(anonymous_60)
FNDA:0,(anonymous_61)
FNDA:0,(anonymous_62)
FNDA:0,(anonymous_63)
FNDA:0,(anonymous_64)
FNDA:0,(anonymous_65)
FNDA:0,(anonymous_66)
FNDA:0,(anonymous_67)
FNDA:0,(anonymous_68)
FNDA:0,(anonymous_69)
FNDA:0,(anonymous_70)
FNDA:0,(anonymous_71)
FNDA:0,(anonymous_72)
FNDA:0,(anonymous_73)
FNDA:0,(anonymous_74)
FNDA:0,(anonymous_75)
FNDA:0,(anonymous_76)
FNDA:0,(anonymous_77)
FNDA:0,(anonymous_78)
FNDA:0,(anonymous_79)
FNDA:0,(anonymous_80)
FNDA:0,(anonymous_81)
FNDA:0,(anonymous_82)
FNDA:0,(anonymous_83)
FNDA:0,(anonymous_84)
FNDA:0,(anonymous_85)
FNDA:0,(anonymous_86)
FNDA:0,(anonymous_87)
FNDA:0,(anonymous_88)
FNDA:0,(anonymous_89)
FNDA:0,(anonymous_90)
FNDA:0,(anonymous_91)
FNDA:0,(anonymous_92)
FNDA:0,(anonymous_93)
FNDA:0,(anonymous_94)
FNDA:0,(anonymous_95)
FNDA:0,(anonymous_96)
FNDA:0,(anonymous_97)
FNDA:0,(anonymous_98)
FNDA:0,(anonymous_99)
FNDA:0,(anonymous_100)
FNDA:0,(anonymous_101)
FNDA:0,(anonymous_102)
FNDA:0,(anonymous_103)
FNDA:0,(anonymous_104)
FNDA:0,(anonymous_105)
FNDA:0,(anonymous_106)
FNDA:0,(anonymous_107)
FNDA:0,(anonymous_108)
FNDA:0,(anonymous_109)
FNDA:0,(anonymous_110)
FNDA:0,(anonymous_111)
FNDA:0,(anonymous_112)
FNDA:0,(anonymous_113)
FNDA:0,(anonymous_114)
FNDA:0,(anonymous_115)
FNDA:0,(anonymous_116)
FNDA:0,(anonymous_117)
FNDA:0,(anonymous_118)
FNDA:0,(anonymous_119)
FNDA:0,(anonymous_120)
FNDA:0,(anonymous_121)
FNDA:0,(anonymous_122)
FNDA:0,(anonymous_123)
FNDA:0,(anonymous_124)
FNDA:0,(anonymous_125)
FNDA:0,(anonymous_126)
FNDA:0,(anonymous_127)
FNDA:0,(anonymous_128)
FNDA:0,(anonymous_129)
FNDA:0,(anonymous_130)
FNDA:0,(anonymous_131)
FNDA:0,(anonymous_132)
FNDA:0,(anonymous_133)
FNDA:0,(anonymous_134)
[...]
BRDA:316,12,0,0
BRDA:316,12,1,0
BRDA:345,13,0,0
BRDA:345,13,1,0
BRDA:346,14,0,0
BRDA:346,14,1,0
BRDA:351,15,0,0
BRDA:351,15,1,0
BRDA:379,16,0,0
BRDA:379,16,1,0
BRDA:379,17,0,0
BRDA:379,17,1,0
BRDA:385,18,0,0
BRDA:385,18,1,0
BRDA:413,19,0,0
BRDA:413,19,1,0
BRDA:414,20,0,0
BRDA:414,20,1,0
BRDA:419,21,0,0
BRDA:419,21,1,0
BRDA:447,22,0,0
BRDA:447,22,1,0
BRDA:447,23,0,0
BRDA:447,23,1,0
BRDA:453,24,0,0
BRDA:453,24,1,0
BRDA:479,25,0,0
BRDA:479,25,1,0
BRDA:528,26,0,0
BRDA:528,26,1,0
BRDA:577,27,0,0
BRDA:577,27,1,0
BRDA:629,28,0,0
BRDA:629,28,1,0
BRDA:629,29,0,0
BRDA:629,29,1,0
BRDA:641,30,0,0
BRDA:641,30,1,0
BRDA:642,31,0,0
BRDA:642,31,1,0
BRDA:664,32,0,0
BRDA:664,32,1,0
BRDA:706,33,0,0
BRDA:706,33,1,0
BRDA:718,34,0,0
BRDA:718,34,1,0
BRDA:724,35,0,0
BRDA:724,35,1,0
BRDA:763,36,0,0
BRDA:763,36,1,0
BRDA:769,37,0,0
BRDA:769,37,1,0
BRDA:782,38,0,0
BRDA:782,38,1,0
BRDA:813,39,0,0
BRDA:813,39,1,0
BRDA:813,40,0,0
BRDA:813,40,1,0
BRDA:819,41,0,0
BRDA:819,41,1,0
BRDA:841,42,0,0
BRDA:841,42,1,0
BRDA:853,43,0,0
BRDA:853,43,1,0
BRDA:856,44,0,0
BRDA:856,44,1,0
BRDA:858,45,0,0
BRDA:858,45,1,0
BRDA:887,46,0,0
BRDA:887,46,1,0
BRDA:887,47,0,0
BRDA:887,47,1,0
BRDA:892,48,0,0
BRDA:892,48,1,0
BRDA:893,49,0,0
BRDA:893,49,1,0
BRDA:914,50,0,0
BRDA:914,50,1,0
BRDA:955,51,0,0
BRDA:955,51,1,0
BRDA:955,52,0,0
BRDA:955,52,1,0
BRDA:979,53,0,0
BRDA:979,53,1,0
BRDA:989,54,0,0
BRDA:989,54,1,0
BRF:113
BRH:2
end_of_record
TN:
SF:src\services\eventLogService.js
FN:16,(anonymous_0)
FN:54,(anonymous_1)
FN:55,(anonymous_2)
FN:56,(anonymous_3)
FNF:4
FNH:1
FNDA:0,(anonymous_0)
FNDA:3,(anonymous_1)
FNDA:0,(anonymous_2)
FNDA:0,(anonymous_3)
DA:1,1
DA:16,1
DA:27,0
DA:28,0
DA:47,0
DA:54,1
DA:55,3
DA:56,0
DA:57,0
DA:62,1
LF:10
LH:5
BRDA:18,0,0,0
BRDA:20,1,0,0
BRDA:21,2,0,0
BRDA:22,3,0,0
BRDA:23,4,0,0
BRDA:24,5,0,0
BRDA:25,6,0,0
BRDA:33,7,0,0
BRDA:33,7,1,0
BRDA:34,8,0,0
BRDA:34,8,1,0
BRDA:35,9,0,0
BRDA:35,9,1,0
BRDA:36,10,0,0
BRDA:36,10,1,0
BRDA:37,11,0,0
BRDA:37,11,1,0
BRDA:41,12,0,0
BRDA:41,12,1,0
BRDA:42,13,0,0
BRDA:42,13,1,0
BRF:21
BRH:0
end_of_record
TN:
SF:src\services\notification.js
FN:7,sendParentAccessCode
FN:26,sendVerificationCode
FN:44,sendVaccinationNotification
FNF:3
FNH:0
FNDA:0,sendParentAccessCode
FNDA:0,sendVerificationCode
FNDA:0,sendVaccinationNotification
DA:5,0
DA:8,0
DA:10,0
DA:11,0
DA:17,0
DA:18,0
DA:20,0
DA:21,0
DA:22,0
DA:27,0
DA:29,0
DA:30,0
DA:35,0
DA:36,0
DA:38,0
DA:39,0
DA:40,0
DA:51,0
DA:53,0
DA:54,0
DA:61,0
DA:62,0
DA:64,0
DA:65,0
DA:66,0
DA:70,0
LF:26
LH:0
BRDA:17,0,0,0
BRDA:17,0,1,0
BRDA:35,1,0,0
BRDA:35,1,1,0
BRDA:61,2,0,0
BRDA:61,2,1,0
BRF:6
BRH:0
end_of_record
TN:
SF:src\services\notificationService.js
FN:9,(anonymous_0)
FN:26,(anonymous_1)
FN:42,(anonymous_2)
FN:48,(anonymous_3)
FN:75,(anonymous_4)
FN:101,(anonymous_5)
FN:117,(anonymous_6)
FN:124,(anonymous_7)
FN:147,(anonymous_8)
FN:173,(anonymous_9)
FN:193,(anonymous_10)
FN:215,(anonymous_11)
FN:238,(anonymous_12)
FN:257,(anonymous_13)
FN:275,(anonymous_14)
FN:299,(anonymous_15)
FN:364,(anonymous_16)
FN:390,(anonymous_17)
FN:408,(anonymous_18)
FN:426,(anonymous_19)
FN:433,(anonymous_20)
FN:452,(anonymous_21)
FN:470,(anonymous_22)
FN:488,(anonymous_23)
FN:506,(anonymous_24)
FN:524,(anonymous_25)
FNF:26
FNH:0
FNDA:0,(anonymous_0)
FNDA:0,(anonymous_1)
FNDA:0,(anonymous_2)
FNDA:0,(anonymous_3)
FNDA:0,(anonymous_4)
FNDA:0,(anonymous_5)
FNDA:0,(anonymous_6)
FNDA:0,(anonymous_7)
FNDA:0,(anonymous_8)
FNDA:0,(anonymous_9)
FNDA:0,(anonymous_10)
FNDA:0,(anonymous_11)
FNDA:0,(anonymous_12)
FNDA:0,(anonymous_13)
FNDA:0,(anonymous_14)
FNDA:0,(anonymous_15)
FNDA:0,(anonymous_16)
FNDA:0,(anonymous_17)
FNDA:0,(anonymous_18)
FNDA:0,(anonymous_19)
FNDA:0,(anonymous_20)
FNDA:0,(anonymous_21)
FNDA:0,(anonymous_22)
FNDA:0,(anonymous_23)
FNDA:0,(anonymous_24)
FNDA:0,(anonymous_25)
DA:1,0
DA:2,0
DA:9,0
DA:10,0
DA:11,0
DA:14,0
DA:15,0
DA:26,0
DA:28,0
DA:29,0
DA:42,0
DA:43,0
DA:44,0
DA:47,0
DA:48,0
DA:51,0
DA:52,0
DA:55,0
DA:62,0
DA:63,0
DA:75,0
DA:76,0
DA:77,0
DA:86,0
DA:88,0
DA:90,0
DA:101,0
DA:102,0
DA:103,0
DA:106,0
DA:108,0
DA:117,0
DA:119,0
DA:120,0
DA:123,0
DA:124,0
DA:132,0
DA:134,0
DA:136,0
DA:147,0
DA:148,0
DA:150,0
DA:151,0
DA:156,0
DA:162,0
DA:164,0
DA:165,0
DA:173,0
DA:174,0
DA:175,0
DA:181,0
DA:183,0
DA:184,0
DA:193,0
DA:194,0
DA:195,0
DA:204,0
DA:206,0
DA:207,0
DA:215,0
DA:216,0
DA:217,0
DA:226,0
DA:228,0
DA:229,0
DA:238,0
DA:239,0
DA:240,0
DA:246,0
DA:248,0
DA:249,0
DA:257,0
DA:258,0
DA:259,0
DA:264,0
DA:266,0
DA:267,0
DA:275,0
DA:276,0
DA:277,0
DA:283,0
DA:285,0
DA:286,0
DA:299,0
DA:300,0
DA:302,0
DA:312,0
DA:313,0
DA:314,0
DA:318,0
DA:329,0
DA:330,0
DA:342,0
DA:345,0
DA:346,0
DA:350,0
DA:352,0
DA:353,0
DA:364,0
DA:365,0
DA:366,0
DA:374,0
DA:382,0
DA:383,0
DA:390,0
DA:391,0
DA:392,0
DA:400,0
DA:401,0
DA:408,0
DA:409,0
DA:410,0
DA:418,0
DA:419,0
DA:426,0
DA:427,0
DA:428,0
DA:431,0
DA:432,0
DA:434,0
DA:444,0
DA:445,0
DA:452,0
DA:453,0
DA:454,0
DA:462,0
DA:463,0
DA:470,0
DA:471,0
DA:472,0
DA:480,0
DA:481,0
DA:488,0
DA:489,0
DA:490,0
DA:498,0
DA:499,0
DA:506,0
DA:507,0
DA:508,0
DA:516,0
DA:517,0
DA:524,0
DA:525,0
DA:526,0
DA:534,0
DA:535,0
DA:539,0
LF:148
LH:0
BRDA:10,0,0,0
BRDA:10,0,1,0
BRDA:42,1,0,0
BRDA:47,2,0,0
BRDA:47,2,1,0
BRDA:51,3,0,0
BRDA:51,3,1,0
BRDA:102,4,0,0
BRDA:102,4,1,0
BRDA:102,5,0,0
BRDA:102,5,1,0
BRDA:119,6,0,0
BRDA:119,6,1,0
BRDA:147,7,0,0
BRDA:148,8,0,0
BRDA:148,9,0,0
BRDA:153,10,0,0
BRDA:153,10,1,0
BRDA:299,11,0,0
BRDA:312,12,0,0
BRDA:312,12,1,0
BRDA:329,13,0,0
BRDA:329,13,1,0
BRDA:345,14,0,0
BRDA:345,14,1,0
BRDA:427,15,0,0
BRDA:427,15,1,0
BRDA:427,16,0,0
BRDA:427,16,1,0
BRDA:427,16,2,0
BRDA:436,17,0,0
BRDA:436,17,1,0
BRDA:437,18,0,0
BRDA:437,18,1,0
BRF:34
BRH:0
end_of_record
TN:
SF:src\services\stockExpirationService.js
FN:11,(anonymous_0)
FN:34,(anonymous_1)
FN:47,(anonymous_2)
FN:49,(anonymous_3)
FN:73,(anonymous_4)
FN:172,(anonymous_5)
FN:181,(anonymous_6)
FN:198,(anonymous_7)
FN:219,(anonymous_8)
FNF:9
FNH:0
FNDA:0,(anonymous_0)
FNDA:0,(anonymous_1)
FNDA:0,(anonymous_2)
FNDA:0,(anonymous_3)
FNDA:0,(anonymous_4)
FNDA:0,(anonymous_5)
FNDA:0,(anonymous_6)
FNDA:0,(anonymous_7)
FNDA:0,(anonymous_8)
DA:1,0
DA:4,0
DA:11,0
DA:12,0
DA:28,0
DA:34,0
DA:35,0
DA:36,0
DA:37,0
DA:38,0
DA:39,0
DA:47,0
DA:49,0
DA:52,0
DA:53,0
DA:55,0
DA:56,0
DA:58,0
DA:64,0
DA:65,0
DA:67,0
DA:73,0
DA:74,0
DA:76,0
DA:79,0
DA:92,0
DA:93,0
DA:98,0
DA:112,0
DA:115,0
DA:128,0
DA:129,0
DA:134,0
DA:147,0
DA:148,0
DA:153,0
DA:165,0
DA:166,0
DA:171,0
DA:172,0
DA:175,0
DA:181,0
DA:182,0
DA:192,0
DA:198,0
DA:205,0
DA:219,0
DA:220,0
DA:222,0
DA:243,0
DA:251,0
DA:267,0
DA:275,0
DA:281,0
DA:289,0
DA:297,0
DA:305,0
LF:57
LH:0
BRDA:4,0,0,0
BRDA:4,0,1,0
BRDA:53,1,0,0
BRDA:53,1,1,0
BRDA:55,2,0,0
BRDA:55,2,1,0
BRDA:64,3,0,0
BRDA:64,3,1,0
BRDA:76,4,0,0
BRDA:76,4,1,0
BRDA:76,4,2,0
BRDA:76,4,3,0
BRDA:220,5,0,0
BRDA:220,5,1,0
BRDA:220,5,2,0
BRDA:220,5,3,0
BRDA:220,5,4,0
BRDA:245,6,0,0
BRDA:245,6,1,0
BRDA:246,7,0,0
BRDA:246,7,1,0
BRDA:269,8,0,0
BRDA:269,8,1,0
BRDA:270,9,0,0
BRDA:270,9,1,0
BRDA:283,10,0,0
BRDA:283,10,1,0
BRF:27
BRH:0
end_of_record
TN:
SF:src\services\stockLotService.js
FN:16,(anonymous_0)
FN:19,(anonymous_1)
FN:22,(anonymous_2)
FN:27,(anonymous_3)
FN:41,(anonymous_4)
FN:43,(anonymous_5)
FN:52,(anonymous_6)
FN:110,(anonymous_7)
FN:175,(anonymous_8)
FN:186,(anonymous_9)
FN:199,(anonymous_10)
FN:213,(anonymous_11)
FN:231,(anonymous_12)
FN:240,(anonymous_13)
FN:258,(anonymous_14)
FN:362,(anonymous_15)
FN:380,(anonymous_16)
FN:429,(anonymous_17)
FN:459,(anonymous_18)
FN:483,(anonymous_19)
FN:485,(anonymous_20)
FN:537,(anonymous_21)
FN:540,(anonymous_22)
FN:680,(anonymous_23)
FN:737,(anonymous_24)
FNF:25
FNH:0
FNDA:0,(anonymous_0)
FNDA:0,(anonymous_1)
FNDA:0,(anonymous_2)
FNDA:0,(anonymous_3)
FNDA:0,(anonymous_4)
FNDA:0,(anonymous_5)
FNDA:0,(anonymous_6)
FNDA:0,(anonymous_7)
FNDA:0,(anonymous_8)
FNDA:0,(anonymous_9)
FNDA:0,(anonymous_10)
FNDA:0,(anonymous_11)
FNDA:0,(anonymous_12)
FNDA:0,(anonymous_13)
FNDA:0,(anonymous_14)
FNDA:0,(anonymous_15)
FNDA:0,(anonymous_16)
FNDA:0,(anonymous_17)
FNDA:0,(anonymous_18)
FNDA:0,(anonymous_19)
FNDA:0,(anonymous_20)
FNDA:0,(anonymous_21)
FNDA:0,(anonymous_22)
FNDA:0,(anonymous_23)
FNDA:0,(anonymous_24)
DA:1,0
DA:3,0
DA:10,0
DA:16,0
DA:17,0
DA:19,0
DA:20,0
DA:22,0
DA:23,0
DA:24,0
DA:27,0
DA:28,0
DA:29,0
DA:30,0
DA:35,0
DA:36,0
DA:38,0
DA:41,0
DA:43,0
DA:49,0
DA:52,0
DA:65,0
DA:66,0
DA:67,0
DA:68,0
DA:69,0
DA:70,0
DA:74,0
DA:75,0
DA:76,0
DA:77,0
DA:78,0
DA:84,0
DA:85,0
DA:86,0
DA:88,0
DA:91,0
DA:105,0
DA:107,0
DA:110,0
DA:114,0
DA:115,0
DA:116,0
DA:118,0
DA:119,0
DA:120,0
DA:121,0
DA:124,0
DA:137,0
DA:138,0
DA:140,0
DA:141,0
DA:142,0
DA:144,0
DA:145,0
DA:147,0
DA:152,0
DA:159,0
DA:162,0
DA:163,0
DA:166,0
DA:167,0
DA:170,0
DA:172,0
DA:175,0
DA:179,0
DA:181,0
DA:182,0
DA:185,0
DA:186,0
DA:190,0
DA:199,0
DA:210,0
DA:213,0
DA:214,0
DA:215,0
DA:218,0
DA:227,0
DA:228,0
DA:231,0
DA:234,0
DA:239,0
DA:240,0
DA:241,0
DA:251,0
DA:252,0
DA:255,0
DA:258,0
DA:262,0
DA:263,0
DA:264,0
DA:267,0
DA:269,0
DA:272,0
DA:273,0
DA:274,0
DA:275,0
DA:279,0
DA:282,0
DA:283,0
DA:284,0
DA:292,0
DA:293,0
DA:294,0
DA:295,0
DA:304,0
DA:307,0
DA:308,0
DA:309,0
DA:317,0
DA:318,0
DA:319,0
DA:320,0
DA:329,0
DA:332,0
DA:333,0
DA:334,0
DA:342,0
DA:343,0
DA:344,0
DA:345,0
DA:354,0
DA:357,0
DA:362,0
DA:363,0
DA:365,0
DA:369,0
DA:370,0
DA:374,0
DA:379,0
DA:380,0
DA:381,0
DA:382,0
DA:386,0
DA:391,0
DA:396,0
DA:401,0
DA:402,0
DA:411,0
DA:418,0
DA:426,0
DA:429,0
DA:430,0
DA:431,0
DA:432,0
DA:433,0
DA:434,0
DA:436,0
DA:437,0
DA:438,0
DA:440,0
DA:449,0
DA:450,0
DA:451,0
DA:453,0
DA:458,0
DA:459,0
DA:460,0
DA:461,0
DA:465,0
DA:470,0
DA:474,0
DA:475,0
DA:479,0
DA:480,0
DA:483,0
DA:485,0
DA:487,0
DA:493,0
DA:495,0
DA:496,0
DA:497,0
DA:505,0
DA:514,0
DA:519,0
DA:520,0
DA:523,0
DA:524,0
DA:525,0
DA:529,0
DA:530,0
DA:537,0
DA:540,0
DA:544,0
DA:545,0
DA:546,0
DA:547,0
DA:548,0
DA:551,0
DA:553,0
DA:565,0
DA:566,0
DA:567,0
DA:568,0
DA:569,0
DA:573,0
DA:576,0
DA:586,0
DA:606,0
DA:608,0
DA:609,0
DA:622,0
DA:623,0
DA:626,0
DA:627,0
DA:631,0
DA:641,0
DA:646,0
DA:647,0
DA:650,0
DA:651,0
DA:663,0
DA:668,0
DA:674,0
DA:680,0
DA:684,0
DA:685,0
DA:686,0
DA:689,0
DA:691,0
DA:696,0
DA:706,0
DA:707,0
DA:708,0
DA:718,0
DA:727,0
DA:733,0
DA:737,0
DA:741,0
DA:742,0
DA:745,0
DA:749,0
DA:751,0
DA:759,0
DA:766,0
DA:768,0
DA:772,0
DA:773,0
DA:775,0
DA:778,0
DA:779,0
DA:781,0
DA:785,0
DA:787,0
DA:795,0
DA:796,0
DA:798,0
DA:806,0
DA:809,0
DA:817,0
DA:818,0
DA:820,0
DA:828,0
DA:831,0
DA:839,0
DA:840,0
DA:842,0
DA:850,0
DA:855,0
DA:866,0
DA:873,0
DA:876,0
LF:262
LH:0
BRDA:17,0,0,0
BRDA:17,0,1,0
BRDA:17,1,0,0
BRDA:17,1,1,0
BRDA:20,2,0,0
BRDA:20,2,1,0
BRDA:24,3,0,0
BRDA:24,3,1,0
BRDA:29,4,0,0
BRDA:29,4,1,0
BRDA:29,5,0,0
BRDA:29,5,1,0
BRDA:31,6,0,0
BRDA:31,6,1,0
BRDA:41,7,0,0
BRDA:41,7,1,0
BRDA:60,8,0,0
BRDA:62,9,0,0
BRDA:67,10,0,0
BRDA:67,10,1,0
BRDA:75,11,0,0
BRDA:75,11,1,0
BRDA:75,12,0,0
BRDA:75,12,1,0
BRDA:75,12,2,0
BRDA:75,12,3,0
BRDA:84,13,0,0
BRDA:84,13,1,0
BRDA:86,14,0,0
BRDA:86,14,1,0
BRDA:86,15,0,0
BRDA:86,15,1,0
BRDA:118,16,0,0
BRDA:118,16,1,0
BRDA:118,17,0,0
BRDA:118,17,1,0
BRDA:141,18,0,0
BRDA:141,18,1,0
BRDA:142,19,0,0
BRDA:142,19,1,0
BRDA:145,20,0,0
BRDA:145,20,1,0
BRDA:162,21,0,0
BRDA:162,21,1,0
BRDA:181,22,0,0
BRDA:181,22,1,0
BRDA:227,23,0,0
BRDA:227,23,1,0
BRDA:263,24,0,0
BRDA:263,24,1,0
BRDA:263,25,0,0
BRDA:263,25,1,0
BRDA:267,26,0,0
BRDA:267,26,1,0
BRDA:267,26,2,0
BRDA:267,26,3,0
BRDA:267,26,4,0
BRDA:272,27,0,0
BRDA:272,27,1,0
BRDA:273,28,0,0
BRDA:273,28,1,0
BRDA:283,29,0,0
BRDA:283,29,1,0
BRDA:292,30,0,0
BRDA:292,30,1,0
BRDA:293,31,0,0
BRDA:293,31,1,0
BRDA:308,32,0,0
BRDA:308,32,1,0
BRDA:317,33,0,0
BRDA:317,33,1,0
BRDA:318,34,0,0
BRDA:318,34,1,0
BRDA:333,35,0,0
BRDA:333,35,1,0
BRDA:342,36,0,0
BRDA:342,36,1,0
BRDA:343,37,0,0
BRDA:343,37,1,0
BRDA:369,38,0,0
BRDA:369,38,1,0
BRDA:381,39,0,0
BRDA:381,39,1,0
BRDA:401,40,0,0
BRDA:401,40,1,0
BRDA:438,41,0,0
BRDA:438,41,1,0
BRDA:449,42,0,0
BRDA:449,42,1,0
BRDA:458,43,0,0
BRDA:458,43,1,0
BRDA:460,44,0,0
BRDA:460,44,1,0
BRDA:479,45,0,0
BRDA:479,45,1,0
BRDA:496,46,0,0
BRDA:496,46,1,0
BRDA:523,47,0,0
BRDA:523,47,1,0
BRDA:529,48,0,0
BRDA:529,48,1,0
BRDA:542,49,0,0
BRDA:542,50,0,0
BRDA:545,51,0,0
BRDA:545,51,1,0
BRDA:565,52,0,0
BRDA:565,52,1,0
BRDA:566,53,0,0
BRDA:566,53,1,0
BRDA:573,54,0,0
BRDA:573,54,1,0
BRDA:576,55,0,0
BRDA:576,55,1,0
BRDA:593,56,0,0
BRDA:593,56,1,0
BRDA:606,57,0,0
BRDA:606,57,1,0
BRDA:606,58,0,0
BRDA:606,58,1,0
BRDA:608,59,0,0
BRDA:608,59,1,0
BRDA:622,60,0,0
BRDA:622,60,1,0
BRDA:642,61,0,0
BRDA:642,61,1,0
BRDA:682,62,0,0
BRDA:685,63,0,0
BRDA:685,63,1,0
BRDA:685,64,0,0
BRDA:685,64,1,0
BRDA:706,65,0,0
BRDA:706,65,1,0
BRDA:707,66,0,0
BRDA:707,66,1,0
BRDA:749,67,0,0
BRDA:749,67,1,0
BRDA:773,68,0,0
BRDA:773,68,1,0
BRDA:773,68,2,0
BRDA:773,68,3,0
BRDA:779,69,0,0
BRDA:779,69,1,0
BRDA:796,70,0,0
BRDA:796,70,1,0
BRDA:818,71,0,0
BRDA:818,71,1,0
BRDA:840,72,0,0
BRDA:840,72,1,0
BRDA:860,73,0,0
BRDA:860,73,1,0
BRDA:861,74,0,0
BRDA:861,74,1,0
BRF:152
BRH:0
end_of_record
TN:
SF:src\services\tokenService.js
FN:12,(anonymous_0)
FN:15,(anonymous_1)
FN:18,(anonymous_2)
FN:21,(anonymous_3)
FN:24,(anonymous_4)
FN:29,(anonymous_5)
FN:34,(anonymous_6)
FN:46,(anonymous_7)
FN:52,(anonymous_8)
FNF:9
FNH:0
FNDA:0,(anonymous_0)
FNDA:0,(anonymous_1)
FNDA:0,(anonymous_2)
FNDA:0,(anonymous_3)
FNDA:0,(anonymous_4)
FNDA:0,(anonymous_5)
FNDA:0,(anonymous_6)
FNDA:0,(anonymous_7)
FNDA:0,(anonymous_8)
DA:1,0
DA:2,0
DA:4,0
DA:5,0
DA:6,0
DA:7,0
DA:9,0
DA:10,0
DA:12,0
DA:13,0
DA:15,0
DA:16,0
DA:18,0
DA:19,0
DA:21,0
DA:22,0
DA:24,0
DA:29,0
DA:34,0
DA:35,0
DA:36,0
DA:39,0
DA:43,0
DA:44,0
DA:46,0
DA:47,0
DA:52,0
DA:53,0
DA:54,0
DA:55,0
DA:56,0
DA:58,0
DA:60,0
DA:64,0
LF:34
LH:0
BRDA:43,0,0,0
BRDA:43,0,1,0
BRDA:55,1,0,0
BRDA:55,1,1,0
BRF:4
BRH:0
end_of_record
TN:
SF:src\services\vaccineBucketService.js
FN:14,(anonymous_0)
FN:21,(anonymous_1)
FN:27,(anonymous_2)
FN:44,(anonymous_3)
FN:59,(anonymous_4)
FN:79,(anonymous_5)
FN:82,(anonymous_6)
FN:84,(anonymous_7)
FN:89,(anonymous_8)
FN:108,(anonymous_9)
FN:190,(anonymous_10)
FN:267,(anonymous_11)
FNF:12
FNH:0
FNDA:0,(anonymous_0)
FNDA:0,(anonymous_1)
FNDA:0,(anonymous_2)
FNDA:0,(anonymous_3)
FNDA:0,(anonymous_4)
FNDA:0,(anonymous_5)
FNDA:0,(anonymous_6)
FNDA:0,(anonymous_7)
FNDA:0,(anonymous_8)
FNDA:0,(anonymous_9)
FNDA:0,(anonymous_10)
FNDA:0,(anonymous_11)
DA:1,0
DA:2,0
DA:4,0
DA:5,0
DA:6,0
DA:8,0
DA:14,0
DA:15,0
DA:16,0
DA:18,0
DA:21,0
DA:22,0
DA:23,0
DA:24,0
DA:27,0
DA:28,0
DA:29,0
DA:31,0
DA:32,0
DA:34,0
DA:36,0
DA:38,0
DA:40,0
DA:44,0
DA:45,0
DA:47,0
DA:49,0
DA:51,0
DA:53,0
DA:55,0
DA:59,0
DA:60,0
DA:61,0
DA:62,0
DA:63,0
DA:66,0
DA:67,0
DA:68,0
DA:69,0
DA:70,0
DA:71,0
DA:73,0
DA:76,0
DA:79,0
DA:80,0
DA:82,0
DA:83,0
DA:85,0
DA:89,0
DA:90,0
DA:91,0
DA:92,0
DA:93,0
DA:94,0
DA:95,0
DA:96,0
DA:98,0
DA:99,0
DA:105,0
DA:108,0
DA:117,0
DA:118,0
DA:146,0
DA:147,0
DA:150,0
DA:151,0
DA:155,0
DA:159,0
DA:162,0
DA:163,0
DA:165,0
DA:170,0
DA:171,0
DA:172,0
DA:174,0
DA:175,0
DA:177,0
DA:179,0
DA:180,0
DA:181,0
DA:184,0
DA:185,0
DA:186,0
DA:189,0
DA:190,0
DA:193,0
DA:194,0
DA:195,0
DA:198,0
DA:199,0
DA:204,0
DA:207,0
DA:208,0
DA:209,0
DA:211,0
DA:212,0
DA:213,0
DA:220,0
DA:221,0
DA:228,0
DA:229,0
DA:240,0
DA:241,0
DA:247,0
DA:248,0
DA:255,0
DA:259,0
DA:267,0
DA:268,0
DA:283,0
DA:284,0
DA:285,0
DA:287,0
DA:288,0
DA:296,0
LF:115
LH:0
BRDA:15,0,0,0
BRDA:15,0,1,0
BRDA:28,1,0,0
BRDA:28,1,1,0
BRDA:28,2,0,0
BRDA:28,2,1,0
BRDA:32,3,0,0
BRDA:32,3,1,0
BRDA:32,3,2,0
BRDA:32,3,3,0
BRDA:47,4,0,0
BRDA:47,4,1,0
BRDA:47,4,2,0
BRDA:47,4,3,0
BRDA:61,5,0,0
BRDA:61,5,1,0
BRDA:62,6,0,0
BRDA:62,6,1,0
BRDA:66,7,0,0
BRDA:66,7,1,0
BRDA:68,8,0,0
BRDA:68,8,1,0
BRDA:70,9,0,0
BRDA:70,9,1,0
BRDA:80,10,0,0
BRDA:80,10,1,0
BRDA:80,11,0,0
BRDA:80,11,1,0
BRDA:82,12,0,0
BRDA:85,13,0,0
BRDA:85,13,1,0
BRDA:92,14,0,0
BRDA:92,14,1,0
BRDA:95,15,0,0
BRDA:95,15,1,0
BRDA:98,16,0,0
BRDA:98,16,1,0
BRDA:100,17,0,0
BRDA:100,17,1,0
BRDA:110,18,0,0
BRDA:111,19,0,0
BRDA:119,20,0,0
BRDA:119,20,1,0
BRDA:146,21,0,0
BRDA:146,21,1,0
BRDA:150,22,0,0
BRDA:150,22,1,0
BRDA:162,23,0,0
BRDA:162,23,1,0
BRDA:163,24,0,0
BRDA:163,24,1,0
BRDA:180,25,0,0
BRDA:180,25,1,0
BRDA:180,26,0,0
BRDA:180,26,1,0
BRDA:185,27,0,0
BRDA:185,27,1,0
BRDA:185,28,0,0
BRDA:185,28,1,0
BRDA:194,29,0,0
BRDA:194,29,1,0
BRDA:199,30,0,0
BRDA:199,30,1,0
BRDA:200,31,0,0
BRDA:200,31,1,0
BRDA:200,31,2,0
BRDA:208,32,0,0
BRDA:208,32,1,0
BRDA:209,33,0,0
BRDA:209,33,1,0
BRDA:211,34,0,0
BRDA:211,34,1,0
BRDA:211,34,2,0
BRDA:212,35,0,0
BRDA:212,35,1,0
BRDA:220,36,0,0
BRDA:220,36,1,0
BRDA:228,37,0,0
BRDA:228,37,1,0
BRDA:228,38,0,0
BRDA:228,38,1,0
BRDA:240,39,0,0
BRDA:240,39,1,0
BRDA:247,40,0,0
BRDA:247,40,1,0
BRDA:255,41,0,0
BRDA:255,41,1,0
BRDA:255,41,2,0
BRDA:262,42,0,0
BRDA:262,42,1,0
BRF:90
BRH:0
end_of_record
TN:
SF:src\services\whatsapp.js
FN:18,(anonymous_0)
FN:43,(anonymous_1)
FN:62,(anonymous_2)
FN:102,(anonymous_3)
FN:122,(anonymous_4)
FN:140,(anonymous_5)
FN:161,(anonymous_6)
FN:177,(anonymous_7)
FNF:8
FNH:0
FNDA:0,(anonymous_0)
FNDA:0,(anonymous_1)
FNDA:0,(anonymous_2)
FNDA:0,(anonymous_3)
FNDA:0,(anonymous_4)
FNDA:0,(anonymous_5)
FNDA:0,(anonymous_6)
FNDA:0,(anonymous_7)
DA:1,0
DA:2,0
DA:4,0
DA:5,0
DA:7,0
DA:9,0
DA:11,0
DA:12,0
DA:13,0
DA:15,0
DA:18,0
DA:19,0
DA:21,0
DA:22,0
DA:25,0
DA:26,0
DA:27,0
DA:28,0
DA:29,0
DA:30,0
DA:31,0
DA:32,0
DA:34,0
DA:37,0
DA:40,0
DA:43,0
DA:44,0
DA:45,0
DA:46,0
DA:53,0
DA:54,0
DA:57,0
DA:58,0
DA:59,0
DA:60,0
DA:62,0
DA:64,0
DA:67,0
DA:73,0
DA:75,0
DA:82,0
DA:83,0
DA:86,0
DA:87,0
DA:93,0
DA:94,0
DA:102,0
DA:108,0
DA:109,0
DA:119,0
DA:122,0
DA:123,0
DA:124,0
DA:137,0
DA:140,0
DA:147,0
DA:148,0
DA:158,0
DA:161,0
DA:162,0
DA:163,0
DA:174,0
DA:177,0
DA:178,0
DA:179,0
DA:188,0
DA:191,0
LF:67
LH:0
BRDA:7,0,0,0
BRDA:7,0,1,0
BRDA:11,1,0,0
BRDA:11,1,1,0
BRDA:11,2,0,0
BRDA:11,2,1,0
BRDA:19,3,0,0
BRDA:19,3,1,0
BRDA:21,4,0,0
BRDA:21,4,1,0
BRDA:25,5,0,0
BRDA:25,5,1,0
BRDA:26,6,0,0
BRDA:26,6,1,0
BRDA:27,7,0,0
BRDA:27,7,1,0
BRDA:29,8,0,0
BRDA:29,8,1,0
BRDA:31,9,0,0
BRDA:31,9,1,0
BRDA:43,10,0,0
BRDA:44,11,0,0
BRDA:44,11,1,0
BRDA:59,12,0,0
BRDA:59,12,1,0
BRDA:73,13,0,0
BRDA:73,13,1,0
BRDA:86,14,0,0
BRDA:86,14,1,0
BRDA:96,15,0,0
BRDA:96,15,1,0
BRF:31
BRH:0
end_of_record
TN:
SF:src\utils\accessCode.js
FN:1,generateAccessCode
FNF:1
FNH:0
FNDA:0,generateAccessCode
DA:2,0
DA:3,0
DA:4,0
DA:7,0
LF:4
LH:0
BRDA:1,0,0,0
BRF:1
BRH:0
end_of_record
TN:
SF:src\utils\appName.js
FN:7,(anonymous_0)
FNF:1
FNH:0
FNDA:0,(anonymous_0)
DA:1,1
DA:7,1
DA:8,0
DA:9,0
DA:10,0
DA:12,0
DA:13,0
DA:17,1
LF:8
LH:3
BRDA:10,0,0,0
BRDA:10,0,1,0
BRF:2
BRH:0
end_of_record
TN:
SF:src\utils\permissions.js
FN:7,(anonymous_0)
FN:27,(anonymous_1)
FN:28,(anonymous_2)
FNF:3
FNH:0
FNDA:0,(anonymous_0)
FNDA:0,(anonymous_1)
FNDA:0,(anonymous_2)
DA:7,0
DA:8,0
DA:9,0
DA:13,0
DA:14,0
DA:18,0
DA:19,0
DA:27,0
DA:28,0
DA:29,0
DA:30,0
DA:33,0
DA:34,0
DA:37,0
DA:41,0
LF:15
LH:0
BRDA:8,0,0,0
BRDA:8,0,1,0
BRDA:8,1,0,0
BRDA:8,1,1,0
BRDA:13,2,0,0
BRDA:13,2,1,0
BRDA:18,3,0,0
BRDA:18,3,1,0
BRDA:29,4,0,0
BRDA:29,4,1,0
BRDA:33,5,0,0
BRDA:33,5,1,0
BRF:12
BRH:0
end_of_record
TN:
SF:src\utils\vaccineDose.js
FN:7,(anonymous_0)
FN:20,(anonymous_1)
FN:70,(anonymous_2)
FNF:3
FNH:0
FNDA:0,(anonymous_0)
FNDA:0,(anonymous_1)
FNDA:0,(anonymous_2)
DA:1,0
DA:7,0
DA:8,0
DA:9,0
DA:12,0
DA:16,0
DA:17,0
DA:20,0
DA:21,0
DA:22,0
DA:24,0
DA:25,0
DA:27,0
DA:28,0
DA:29,0
DA:31,0
DA:37,0
DA:38,0
DA:39,0
DA:41,0
DA:42,0
DA:43,0
DA:46,0
DA:47,0
DA:50,0
DA:51,0
DA:54,0
DA:65,0
DA:70,0
DA:71,0
DA:72,0
DA:75,0
DA:76,0
DA:77,0
DA:80,0
DA:81,0
DA:84,0
DA:85,0
DA:87,0
DA:88,0
DA:89,0
DA:90,0
DA:94,0
DA:97,0
LF:44
LH:0
BRDA:8,0,0,0
BRDA:8,0,1,0
BRDA:12,1,0,0
BRDA:12,1,1,0
BRDA:12,1,2,0
BRDA:12,1,3,0
BRDA:16,2,0,0
BRDA:16,2,1,0
BRDA:20,3,0,0
BRDA:25,4,0,0
BRDA:25,4,1,0
BRDA:25,4,2,0
BRDA:28,5,0,0
BRDA:28,5,1,0
BRDA:29,6,0,0
BRDA:29,6,1,0
BRDA:31,7,0,0
BRDA:31,7,1,0
BRDA:31,7,2,0
BRDA:31,7,3,0
BRDA:38,8,0,0
BRDA:38,8,1,0
BRDA:41,9,0,0
BRDA:41,9,1,0
BRDA:46,10,0,0
BRDA:46,10,1,0
BRDA:50,11,0,0
BRDA:50,11,1,0
BRDA:60,12,0,0
BRDA:60,12,1,0
BRDA:71,13,0,0
BRDA:71,13,1,0
BRDA:71,14,0,0
BRDA:71,14,1,0
BRDA:71,14,2,0
BRDA:76,15,0,0
BRDA:76,15,1,0
BRDA:76,16,0,0
BRDA:76,16,1,0
BRDA:80,17,0,0
BRDA:80,17,1,0
BRDA:88,18,0,0
BRDA:88,18,1,0
BRF:43
BRH:0
end_of_record
